The target system is: Generic -  - arm
The host system is: Linux - 4.13.0-37-generic - x86_64
Compiling the C compiler identification source file "CMakeCCompilerId.c" succeeded.
Compiler: /home/swap/gcc-arm-none-eabi-7-2017-q4-major/bin/arm-none-eabi-gcc 
Build flags: 
Id flags: -c 

The output was:
0


Compilation of the C compiler identification source "CMakeCCompilerId.c" produced "CMakeCCompilerId.o"

The C compiler identification is GNU, found in "/home/swap/zephyr/samples/hello_world/buildt/CMakeFiles/3.8.2/CompilerIdC/CMakeCCompilerId.o"

Compiling the CXX compiler identification source file "CMakeCXXCompilerId.cpp" succeeded.
Compiler: /home/swap/gcc-arm-none-eabi-7-2017-q4-major/bin/arm-none-eabi-g++ 
Build flags: 
Id flags: -c 

The output was:
0


Compilation of the CXX compiler identification source "CMakeCXXCompilerId.cpp" produced "CMakeCXXCompilerId.o"

The CXX compiler identification is GNU, found in "/home/swap/zephyr/samples/hello_world/buildt/CMakeFiles/3.8.2/CompilerIdCXX/CMakeCXXCompilerId.o"

Performing C SOURCE FILE Test toolchain_is_ok succeeded with the following output:
Change Dir: /home/swap/zephyr/samples/hello_world/buildt/CMakeFiles/CMakeTmp

Run Build Command:"/usr/bin/ninja" "cmTC_a9dd8"
[1/2] Building C object CMakeFiles/cmTC_a9dd8.dir/src.c.obj
[2/2] Linking C executable cmTC_a9dd8
/home/swap/gcc-arm-none-eabi-7-2017-q4-major/bin/../lib/gcc/arm-none-eabi/7.2.1/../../../../arm-none-eabi/bin/ld: warning: cannot find entry symbol _start; defaulting to 0000000000008000

Source file was:
int main(void) { return 0; }
Performing C SOURCE FILE Test check_nostartfiles succeeded with the following output:
Change Dir: /home/swap/zephyr/samples/hello_world/buildt/CMakeFiles/CMakeTmp

Run Build Command:"/usr/bin/ninja" "cmTC_4ea21"
[1/2] Building C object CMakeFiles/cmTC_4ea21.dir/src.c.obj
[2/2] Linking C executable cmTC_4ea21
/home/swap/gcc-arm-none-eabi-7-2017-q4-major/bin/../lib/gcc/arm-none-eabi/7.2.1/../../../../arm-none-eabi/bin/ld: warning: cannot find entry symbol _start; defaulting to 0000000000008000

Source file was:
int main(void) { return 0; }
Performing C SOURCE FILE Test check_nodefaultlibs succeeded with the following output:
Change Dir: /home/swap/zephyr/samples/hello_world/buildt/CMakeFiles/CMakeTmp

Run Build Command:"/usr/bin/ninja" "cmTC_df563"
[1/2] Building C object CMakeFiles/cmTC_df563.dir/src.c.obj
[2/2] Linking C executable cmTC_df563
/home/swap/gcc-arm-none-eabi-7-2017-q4-major/bin/../lib/gcc/arm-none-eabi/7.2.1/../../../../arm-none-eabi/bin/ld: warning: cannot find entry symbol _start; defaulting to 0000000000008000

Source file was:
int main(void) { return 0; }
Performing C SOURCE FILE Test check_nostdlib succeeded with the following output:
Change Dir: /home/swap/zephyr/samples/hello_world/buildt/CMakeFiles/CMakeTmp

Run Build Command:"/usr/bin/ninja" "cmTC_5f315"
[1/2] Building C object CMakeFiles/cmTC_5f315.dir/src.c.obj
[2/2] Linking C executable cmTC_5f315
/home/swap/gcc-arm-none-eabi-7-2017-q4-major/bin/../lib/gcc/arm-none-eabi/7.2.1/../../../../arm-none-eabi/bin/ld: warning: cannot find entry symbol _start; defaulting to 0000000000008000

Source file was:
int main(void) { return 0; }
Performing C SOURCE FILE Test check_static succeeded with the following output:
Change Dir: /home/swap/zephyr/samples/hello_world/buildt/CMakeFiles/CMakeTmp

Run Build Command:"/usr/bin/ninja" "cmTC_3b104"
[1/2] Building C object CMakeFiles/cmTC_3b104.dir/src.c.obj
[2/2] Linking C executable cmTC_3b104
/home/swap/gcc-arm-none-eabi-7-2017-q4-major/bin/../lib/gcc/arm-none-eabi/7.2.1/../../../../arm-none-eabi/bin/ld: warning: cannot find entry symbol _start; defaulting to 0000000000008000

Source file was:
int main(void) { return 0; }
Performing C SOURCE FILE Test check_no_pie succeeded with the following output:
Change Dir: /home/swap/zephyr/samples/hello_world/buildt/CMakeFiles/CMakeTmp

Run Build Command:"/usr/bin/ninja" "cmTC_66438"
[1/2] Building C object CMakeFiles/cmTC_66438.dir/src.c.obj
[2/2] Linking C executable cmTC_66438
/home/swap/gcc-arm-none-eabi-7-2017-q4-major/bin/../lib/gcc/arm-none-eabi/7.2.1/../../../../arm-none-eabi/bin/ld: warning: cannot find entry symbol _start; defaulting to 0000000000008000

Source file was:
int main(void) { return 0; }
Performing C SOURCE FILE Test check_fno_asynchronous_unwind_tables_C succeeded with the following output:
Change Dir: /home/swap/zephyr/samples/hello_world/buildt/CMakeFiles/CMakeTmp

Run Build Command:"/usr/bin/ninja" "cmTC_d9ed4"
[1/2] Building C object CMakeFiles/cmTC_d9ed4.dir/src.c.obj
[2/2] Linking C executable cmTC_d9ed4
/home/swap/gcc-arm-none-eabi-7-2017-q4-major/bin/../lib/gcc/arm-none-eabi/7.2.1/../../../../arm-none-eabi/bin/ld: warning: cannot find entry symbol _start; defaulting to 0000000000008000

Source file was:
int main(void) { return 0; }
Performing C SOURCE FILE Test check_fno_pie_C succeeded with the following output:
Change Dir: /home/swap/zephyr/samples/hello_world/buildt/CMakeFiles/CMakeTmp

Run Build Command:"/usr/bin/ninja" "cmTC_5dad0"
[1/2] Building C object CMakeFiles/cmTC_5dad0.dir/src.c.obj
[2/2] Linking C executable cmTC_5dad0
/home/swap/gcc-arm-none-eabi-7-2017-q4-major/bin/../lib/gcc/arm-none-eabi/7.2.1/../../../../arm-none-eabi/bin/ld: warning: cannot find entry symbol _start; defaulting to 0000000000008000

Source file was:
int main(void) { return 0; }
Performing C SOURCE FILE Test check_fno_pic_C succeeded with the following output:
Change Dir: /home/swap/zephyr/samples/hello_world/buildt/CMakeFiles/CMakeTmp

Run Build Command:"/usr/bin/ninja" "cmTC_acb28"
[1/2] Building C object CMakeFiles/cmTC_acb28.dir/src.c.obj
[2/2] Linking C executable cmTC_acb28
/home/swap/gcc-arm-none-eabi-7-2017-q4-major/bin/../lib/gcc/arm-none-eabi/7.2.1/../../../../arm-none-eabi/bin/ld: warning: cannot find entry symbol _start; defaulting to 0000000000008000

Source file was:
int main(void) { return 0; }
Performing C SOURCE FILE Test check_fno_strict_overflow_C succeeded with the following output:
Change Dir: /home/swap/zephyr/samples/hello_world/buildt/CMakeFiles/CMakeTmp

Run Build Command:"/usr/bin/ninja" "cmTC_76a04"
[1/2] Building C object CMakeFiles/cmTC_76a04.dir/src.c.obj
[2/2] Linking C executable cmTC_76a04
/home/swap/gcc-arm-none-eabi-7-2017-q4-major/bin/../lib/gcc/arm-none-eabi/7.2.1/../../../../arm-none-eabi/bin/ld: warning: cannot find entry symbol _start; defaulting to 0000000000008000

Source file was:
int main(void) { return 0; }
Performing C SOURCE FILE Test check_Wno_pointer_sign_C succeeded with the following output:
Change Dir: /home/swap/zephyr/samples/hello_world/buildt/CMakeFiles/CMakeTmp

Run Build Command:"/usr/bin/ninja" "cmTC_f2648"
[1/2] Building C object CMakeFiles/cmTC_f2648.dir/src.c.obj
[2/2] Linking C executable cmTC_f2648
/home/swap/gcc-arm-none-eabi-7-2017-q4-major/bin/../lib/gcc/arm-none-eabi/7.2.1/../../../../arm-none-eabi/bin/ld: warning: cannot find entry symbol _start; defaulting to 0000000000008000

Source file was:
int main(void) { return 0; }
Performing C SOURCE FILE Test check_Wno_unused_but_set_variable_C succeeded with the following output:
Change Dir: /home/swap/zephyr/samples/hello_world/buildt/CMakeFiles/CMakeTmp

Run Build Command:"/usr/bin/ninja" "cmTC_ac230"
[1/2] Building C object CMakeFiles/cmTC_ac230.dir/src.c.obj
[2/2] Linking C executable cmTC_ac230
/home/swap/gcc-arm-none-eabi-7-2017-q4-major/bin/../lib/gcc/arm-none-eabi/7.2.1/../../../../arm-none-eabi/bin/ld: warning: cannot find entry symbol _start; defaulting to 0000000000008000

Source file was:
int main(void) { return 0; }
Performing C SOURCE FILE Test check_fno_reorder_functions_C succeeded with the following output:
Change Dir: /home/swap/zephyr/samples/hello_world/buildt/CMakeFiles/CMakeTmp

Run Build Command:"/usr/bin/ninja" "cmTC_25426"
[1/2] Building C object CMakeFiles/cmTC_25426.dir/src.c.obj
[2/2] Linking C executable cmTC_25426
/home/swap/gcc-arm-none-eabi-7-2017-q4-major/bin/../lib/gcc/arm-none-eabi/7.2.1/../../../../arm-none-eabi/bin/ld: warning: cannot find entry symbol _start; defaulting to 0000000000008000

Source file was:
int main(void) { return 0; }
Performing C SOURCE FILE Test check_fno_defer_pop_C succeeded with the following output:
Change Dir: /home/swap/zephyr/samples/hello_world/buildt/CMakeFiles/CMakeTmp

Run Build Command:"/usr/bin/ninja" "cmTC_7cdbe"
[1/2] Building C object CMakeFiles/cmTC_7cdbe.dir/src.c.obj
[2/2] Linking C executable cmTC_7cdbe
/home/swap/gcc-arm-none-eabi-7-2017-q4-major/bin/../lib/gcc/arm-none-eabi/7.2.1/../../../../arm-none-eabi/bin/ld: warning: cannot find entry symbol _start; defaulting to 0000000000008000

Source file was:
int main(void) { return 0; }
Performing C SOURCE FILE Test check_Werror_implicit_int_C succeeded with the following output:
Change Dir: /home/swap/zephyr/samples/hello_world/buildt/CMakeFiles/CMakeTmp

Run Build Command:"/usr/bin/ninja" "cmTC_40e10"
[1/2] Building C object CMakeFiles/cmTC_40e10.dir/src.c.obj
[2/2] Linking C executable cmTC_40e10
/home/swap/gcc-arm-none-eabi-7-2017-q4-major/bin/../lib/gcc/arm-none-eabi/7.2.1/../../../../arm-none-eabi/bin/ld: warning: cannot find entry symbol _start; defaulting to 0000000000008000

Source file was:
int main(void) { return 0; }
Performing C SOURCE FILE Test check_Wl__X succeeded with the following output:
Change Dir: /home/swap/zephyr/samples/hello_world/buildt/CMakeFiles/CMakeTmp

Run Build Command:"/usr/bin/ninja" "cmTC_1a156"
[1/2] Building C object CMakeFiles/cmTC_1a156.dir/src.c.obj
[2/2] Linking C executable cmTC_1a156
/home/swap/gcc-arm-none-eabi-7-2017-q4-major/bin/../lib/gcc/arm-none-eabi/7.2.1/../../../../arm-none-eabi/bin/ld: warning: cannot find entry symbol _start; defaulting to 0000000000008000

Source file was:
int main(void) { return 0; }
Performing C SOURCE FILE Test check_Wl__N succeeded with the following output:
Change Dir: /home/swap/zephyr/samples/hello_world/buildt/CMakeFiles/CMakeTmp

Run Build Command:"/usr/bin/ninja" "cmTC_d03a0"
[1/2] Building C object CMakeFiles/cmTC_d03a0.dir/src.c.obj
[2/2] Linking C executable cmTC_d03a0
/home/swap/gcc-arm-none-eabi-7-2017-q4-major/bin/../lib/gcc/arm-none-eabi/7.2.1/../../../../arm-none-eabi/bin/ld: warning: cannot find entry symbol _start; defaulting to 0000000000008000

Source file was:
int main(void) { return 0; }
Performing C SOURCE FILE Test check_Wl___gc_sections succeeded with the following output:
Change Dir: /home/swap/zephyr/samples/hello_world/buildt/CMakeFiles/CMakeTmp

Run Build Command:"/usr/bin/ninja" "cmTC_29999"
[1/2] Building C object CMakeFiles/cmTC_29999.dir/src.c.obj
[2/2] Linking C executable cmTC_29999
/home/swap/gcc-arm-none-eabi-7-2017-q4-major/bin/../lib/gcc/arm-none-eabi/7.2.1/../../../../arm-none-eabi/bin/ld: warning: cannot find entry symbol _start; defaulting to 0000000000008000

Source file was:
int main(void) { return 0; }
Performing C SOURCE FILE Test check_Wl___build_id_none succeeded with the following output:
Change Dir: /home/swap/zephyr/samples/hello_world/buildt/CMakeFiles/CMakeTmp

Run Build Command:"/usr/bin/ninja" "cmTC_145eb"
[1/2] Building C object CMakeFiles/cmTC_145eb.dir/src.c.obj
[2/2] Linking C executable cmTC_145eb
/home/swap/gcc-arm-none-eabi-7-2017-q4-major/bin/../lib/gcc/arm-none-eabi/7.2.1/../../../../arm-none-eabi/bin/ld: warning: cannot find entry symbol _start; defaulting to 0000000000008000

Source file was:
int main(void) { return 0; }
Performing C SOURCE FILE Test check_ffunction_sections_C succeeded with the following output:
Change Dir: /home/swap/zephyr/samples/hello_world/buildt/CMakeFiles/CMakeTmp

Run Build Command:"/usr/bin/ninja" "cmTC_edab2"
[1/2] Building C object CMakeFiles/cmTC_edab2.dir/src.c.obj
[2/2] Linking C executable cmTC_edab2
/home/swap/gcc-arm-none-eabi-7-2017-q4-major/bin/../lib/gcc/arm-none-eabi/7.2.1/../../../../arm-none-eabi/bin/ld: warning: cannot find entry symbol _start; defaulting to 0000000000008000

Source file was:
int main(void) { return 0; }
Performing C SOURCE FILE Test check_fdata_sections_C succeeded with the following output:
Change Dir: /home/swap/zephyr/samples/hello_world/buildt/CMakeFiles/CMakeTmp

Run Build Command:"/usr/bin/ninja" "cmTC_b83e5"
[1/2] Building C object CMakeFiles/cmTC_b83e5.dir/src.c.obj
[2/2] Linking C executable cmTC_b83e5
/home/swap/gcc-arm-none-eabi-7-2017-q4-major/bin/../lib/gcc/arm-none-eabi/7.2.1/../../../../arm-none-eabi/bin/ld: warning: cannot find entry symbol _start; defaulting to 0000000000008000

Source file was:
int main(void) { return 0; }
Performing C SOURCE FILE Test check_Wl___print_memory_usage succeeded with the following output:
Change Dir: /home/swap/zephyr/samples/hello_world/buildt/CMakeFiles/CMakeTmp

Run Build Command:"/usr/bin/ninja" "cmTC_e65ce"
[1/2] Building C object CMakeFiles/cmTC_e65ce.dir/src.c.obj
[2/2] Linking C executable cmTC_e65ce
Memory region         Used Size  Region Size  %age Used/home/swap/gcc-arm-none-eabi-7-2017-q4-major/bin/../lib/gcc/arm-none-eabi/7.2.1/../../../../arm-none-eabi/bin/ld: warning: cannot find entry symbol _start; defaulting to 0000000000008000


Source file was:
int main(void) { return 0; }
