The target system is: Generic -  - arm
The host system is: Linux - 4.13.0-37-generic - x86_64
Compiling the C compiler identification source file "CMakeCCompilerId.c" succeeded.
Compiler: /home/swap/directory/sysroots/x86_64-pokysdk-linux/usr/bin/arm-zephyr-eabi/arm-zephyr-eabi-gcc 
Build flags: 
Id flags: -c 

The output was:
0


Compilation of the C compiler identification source "CMakeCCompilerId.c" produced "CMakeCCompilerId.o"

The C compiler identification is GNU, found in "/home/swap/zephyr/samples/net/echo_client/built/CMakeFiles/3.8.2/CompilerIdC/CMakeCCompilerId.o"

Compiling the CXX compiler identification source file "CMakeCXXCompilerId.cpp" succeeded.
Compiler: /home/swap/directory/sysroots/x86_64-pokysdk-linux/usr/bin/arm-zephyr-eabi/arm-zephyr-eabi-g++ 
Build flags: 
Id flags: -c 

The output was:
0


Compilation of the CXX compiler identification source "CMakeCXXCompilerId.cpp" produced "CMakeCXXCompilerId.o"

The CXX compiler identification is GNU, found in "/home/swap/zephyr/samples/net/echo_client/built/CMakeFiles/3.8.2/CompilerIdCXX/CMakeCXXCompilerId.o"

Performing C SOURCE FILE Test toolchain_is_ok succeeded with the following output:
Change Dir: /home/swap/zephyr/samples/net/echo_client/built/CMakeFiles/CMakeTmp

Run Build Command:"/usr/bin/ninja" "cmTC_6d57b"
[1/2] Building C object CMakeFiles/cmTC_6d57b.dir/src.c.obj
[2/2] Linking C executable cmTC_6d57b
/home/swap/directory/sysroots/x86_64-pokysdk-linux/usr/libexec/arm-zephyr-eabi/gcc/arm-zephyr-eabi/6.2.0/real-ld: warning: cannot find entry symbol _start; defaulting to 0000000000008024

Source file was:
int main(void) { return 0; }
Performing C SOURCE FILE Test check_nostartfiles succeeded with the following output:
Change Dir: /home/swap/zephyr/samples/net/echo_client/built/CMakeFiles/CMakeTmp

Run Build Command:"/usr/bin/ninja" "cmTC_6879c"
[1/2] Building C object CMakeFiles/cmTC_6879c.dir/src.c.obj
[2/2] Linking C executable cmTC_6879c
/home/swap/directory/sysroots/x86_64-pokysdk-linux/usr/libexec/arm-zephyr-eabi/gcc/arm-zephyr-eabi/6.2.0/real-ld: warning: cannot find entry symbol _start; defaulting to 0000000000008024

Source file was:
int main(void) { return 0; }
Performing C SOURCE FILE Test check_nodefaultlibs succeeded with the following output:
Change Dir: /home/swap/zephyr/samples/net/echo_client/built/CMakeFiles/CMakeTmp

Run Build Command:"/usr/bin/ninja" "cmTC_04577"
[1/2] Building C object CMakeFiles/cmTC_04577.dir/src.c.obj
[2/2] Linking C executable cmTC_04577
/home/swap/directory/sysroots/x86_64-pokysdk-linux/usr/libexec/arm-zephyr-eabi/gcc/arm-zephyr-eabi/6.2.0/real-ld: warning: cannot find entry symbol _start; defaulting to 0000000000008024

Source file was:
int main(void) { return 0; }
Performing C SOURCE FILE Test check_nostdlib succeeded with the following output:
Change Dir: /home/swap/zephyr/samples/net/echo_client/built/CMakeFiles/CMakeTmp

Run Build Command:"/usr/bin/ninja" "cmTC_abd94"
[1/2] Building C object CMakeFiles/cmTC_abd94.dir/src.c.obj
[2/2] Linking C executable cmTC_abd94
/home/swap/directory/sysroots/x86_64-pokysdk-linux/usr/libexec/arm-zephyr-eabi/gcc/arm-zephyr-eabi/6.2.0/real-ld: warning: cannot find entry symbol _start; defaulting to 0000000000008024

Source file was:
int main(void) { return 0; }
Performing C SOURCE FILE Test check_static succeeded with the following output:
Change Dir: /home/swap/zephyr/samples/net/echo_client/built/CMakeFiles/CMakeTmp

Run Build Command:"/usr/bin/ninja" "cmTC_84280"
[1/2] Building C object CMakeFiles/cmTC_84280.dir/src.c.obj
[2/2] Linking C executable cmTC_84280
/home/swap/directory/sysroots/x86_64-pokysdk-linux/usr/libexec/arm-zephyr-eabi/gcc/arm-zephyr-eabi/6.2.0/real-ld: warning: cannot find entry symbol _start; defaulting to 0000000000008024

Source file was:
int main(void) { return 0; }
Performing C SOURCE FILE Test check_no_pie succeeded with the following output:
Change Dir: /home/swap/zephyr/samples/net/echo_client/built/CMakeFiles/CMakeTmp

Run Build Command:"/usr/bin/ninja" "cmTC_9ac3c"
[1/2] Building C object CMakeFiles/cmTC_9ac3c.dir/src.c.obj
[2/2] Linking C executable cmTC_9ac3c
/home/swap/directory/sysroots/x86_64-pokysdk-linux/usr/libexec/arm-zephyr-eabi/gcc/arm-zephyr-eabi/6.2.0/real-ld: warning: cannot find entry symbol _start; defaulting to 0000000000008024

Source file was:
int main(void) { return 0; }
Performing C SOURCE FILE Test check_fno_asynchronous_unwind_tables_C succeeded with the following output:
Change Dir: /home/swap/zephyr/samples/net/echo_client/built/CMakeFiles/CMakeTmp

Run Build Command:"/usr/bin/ninja" "cmTC_fc706"
[1/2] Building C object CMakeFiles/cmTC_fc706.dir/src.c.obj
[2/2] Linking C executable cmTC_fc706
/home/swap/directory/sysroots/x86_64-pokysdk-linux/usr/libexec/arm-zephyr-eabi/gcc/arm-zephyr-eabi/6.2.0/real-ld: warning: cannot find entry symbol _start; defaulting to 0000000000008024

Source file was:
int main(void) { return 0; }
Performing C SOURCE FILE Test check_fno_pie_C succeeded with the following output:
Change Dir: /home/swap/zephyr/samples/net/echo_client/built/CMakeFiles/CMakeTmp

Run Build Command:"/usr/bin/ninja" "cmTC_64e15"
[1/2] Building C object CMakeFiles/cmTC_64e15.dir/src.c.obj
[2/2] Linking C executable cmTC_64e15
/home/swap/directory/sysroots/x86_64-pokysdk-linux/usr/libexec/arm-zephyr-eabi/gcc/arm-zephyr-eabi/6.2.0/real-ld: warning: cannot find entry symbol _start; defaulting to 0000000000008024

Source file was:
int main(void) { return 0; }
Performing C SOURCE FILE Test check_fno_pic_C succeeded with the following output:
Change Dir: /home/swap/zephyr/samples/net/echo_client/built/CMakeFiles/CMakeTmp

Run Build Command:"/usr/bin/ninja" "cmTC_82928"
[1/2] Building C object CMakeFiles/cmTC_82928.dir/src.c.obj
[2/2] Linking C executable cmTC_82928
/home/swap/directory/sysroots/x86_64-pokysdk-linux/usr/libexec/arm-zephyr-eabi/gcc/arm-zephyr-eabi/6.2.0/real-ld: warning: cannot find entry symbol _start; defaulting to 0000000000008024

Source file was:
int main(void) { return 0; }
Performing C SOURCE FILE Test check_fno_strict_overflow_C succeeded with the following output:
Change Dir: /home/swap/zephyr/samples/net/echo_client/built/CMakeFiles/CMakeTmp

Run Build Command:"/usr/bin/ninja" "cmTC_6e086"
[1/2] Building C object CMakeFiles/cmTC_6e086.dir/src.c.obj
[2/2] Linking C executable cmTC_6e086
/home/swap/directory/sysroots/x86_64-pokysdk-linux/usr/libexec/arm-zephyr-eabi/gcc/arm-zephyr-eabi/6.2.0/real-ld: warning: cannot find entry symbol _start; defaulting to 0000000000008024

Source file was:
int main(void) { return 0; }
Performing C SOURCE FILE Test check_Wno_pointer_sign_C succeeded with the following output:
Change Dir: /home/swap/zephyr/samples/net/echo_client/built/CMakeFiles/CMakeTmp

Run Build Command:"/usr/bin/ninja" "cmTC_7d335"
[1/2] Building C object CMakeFiles/cmTC_7d335.dir/src.c.obj
[2/2] Linking C executable cmTC_7d335
/home/swap/directory/sysroots/x86_64-pokysdk-linux/usr/libexec/arm-zephyr-eabi/gcc/arm-zephyr-eabi/6.2.0/real-ld: warning: cannot find entry symbol _start; defaulting to 0000000000008024

Source file was:
int main(void) { return 0; }
Performing C SOURCE FILE Test check_Wno_unused_but_set_variable_C succeeded with the following output:
Change Dir: /home/swap/zephyr/samples/net/echo_client/built/CMakeFiles/CMakeTmp

Run Build Command:"/usr/bin/ninja" "cmTC_4ca44"
[1/2] Building C object CMakeFiles/cmTC_4ca44.dir/src.c.obj
[2/2] Linking C executable cmTC_4ca44
/home/swap/directory/sysroots/x86_64-pokysdk-linux/usr/libexec/arm-zephyr-eabi/gcc/arm-zephyr-eabi/6.2.0/real-ld: warning: cannot find entry symbol _start; defaulting to 0000000000008024

Source file was:
int main(void) { return 0; }
Performing C SOURCE FILE Test check_fno_reorder_functions_C succeeded with the following output:
Change Dir: /home/swap/zephyr/samples/net/echo_client/built/CMakeFiles/CMakeTmp

Run Build Command:"/usr/bin/ninja" "cmTC_8c2eb"
[1/2] Building C object CMakeFiles/cmTC_8c2eb.dir/src.c.obj
[2/2] Linking C executable cmTC_8c2eb
/home/swap/directory/sysroots/x86_64-pokysdk-linux/usr/libexec/arm-zephyr-eabi/gcc/arm-zephyr-eabi/6.2.0/real-ld: warning: cannot find entry symbol _start; defaulting to 0000000000008024

Source file was:
int main(void) { return 0; }
Performing C SOURCE FILE Test check_fno_defer_pop_C succeeded with the following output:
Change Dir: /home/swap/zephyr/samples/net/echo_client/built/CMakeFiles/CMakeTmp

Run Build Command:"/usr/bin/ninja" "cmTC_b288b"
[1/2] Building C object CMakeFiles/cmTC_b288b.dir/src.c.obj
[2/2] Linking C executable cmTC_b288b
/home/swap/directory/sysroots/x86_64-pokysdk-linux/usr/libexec/arm-zephyr-eabi/gcc/arm-zephyr-eabi/6.2.0/real-ld: warning: cannot find entry symbol _start; defaulting to 0000000000008024

Source file was:
int main(void) { return 0; }
Performing C SOURCE FILE Test check_Werror_implicit_int_C succeeded with the following output:
Change Dir: /home/swap/zephyr/samples/net/echo_client/built/CMakeFiles/CMakeTmp

Run Build Command:"/usr/bin/ninja" "cmTC_2116b"
[1/2] Building C object CMakeFiles/cmTC_2116b.dir/src.c.obj
[2/2] Linking C executable cmTC_2116b
/home/swap/directory/sysroots/x86_64-pokysdk-linux/usr/libexec/arm-zephyr-eabi/gcc/arm-zephyr-eabi/6.2.0/real-ld: warning: cannot find entry symbol _start; defaulting to 0000000000008024

Source file was:
int main(void) { return 0; }
Performing C SOURCE FILE Test check_Wl__X succeeded with the following output:
Change Dir: /home/swap/zephyr/samples/net/echo_client/built/CMakeFiles/CMakeTmp

Run Build Command:"/usr/bin/ninja" "cmTC_596e2"
[1/2] Building C object CMakeFiles/cmTC_596e2.dir/src.c.obj
[2/2] Linking C executable cmTC_596e2
/home/swap/directory/sysroots/x86_64-pokysdk-linux/usr/libexec/arm-zephyr-eabi/gcc/arm-zephyr-eabi/6.2.0/real-ld: warning: cannot find entry symbol _start; defaulting to 0000000000008024

Source file was:
int main(void) { return 0; }
Performing C SOURCE FILE Test check_Wl__N succeeded with the following output:
Change Dir: /home/swap/zephyr/samples/net/echo_client/built/CMakeFiles/CMakeTmp

Run Build Command:"/usr/bin/ninja" "cmTC_a8ff8"
[1/2] Building C object CMakeFiles/cmTC_a8ff8.dir/src.c.obj
[2/2] Linking C executable cmTC_a8ff8
/home/swap/directory/sysroots/x86_64-pokysdk-linux/usr/libexec/arm-zephyr-eabi/gcc/arm-zephyr-eabi/6.2.0/real-ld: warning: cannot find entry symbol _start; defaulting to 0000000000008024

Source file was:
int main(void) { return 0; }
Performing C SOURCE FILE Test check_Wl___gc_sections succeeded with the following output:
Change Dir: /home/swap/zephyr/samples/net/echo_client/built/CMakeFiles/CMakeTmp

Run Build Command:"/usr/bin/ninja" "cmTC_a8f21"
[1/2] Building C object CMakeFiles/cmTC_a8f21.dir/src.c.obj
[2/2] Linking C executable cmTC_a8f21
/home/swap/directory/sysroots/x86_64-pokysdk-linux/usr/libexec/arm-zephyr-eabi/gcc/arm-zephyr-eabi/6.2.0/real-ld: warning: cannot find entry symbol _start; defaulting to 0000000000008024

Source file was:
int main(void) { return 0; }
Performing C SOURCE FILE Test check_Wl___build_id_none succeeded with the following output:
Change Dir: /home/swap/zephyr/samples/net/echo_client/built/CMakeFiles/CMakeTmp

Run Build Command:"/usr/bin/ninja" "cmTC_3f7b2"
[1/2] Building C object CMakeFiles/cmTC_3f7b2.dir/src.c.obj
[2/2] Linking C executable cmTC_3f7b2
/home/swap/directory/sysroots/x86_64-pokysdk-linux/usr/libexec/arm-zephyr-eabi/gcc/arm-zephyr-eabi/6.2.0/real-ld: warning: cannot find entry symbol _start; defaulting to 0000000000008000

Source file was:
int main(void) { return 0; }
Performing C SOURCE FILE Test check_ffunction_sections_C succeeded with the following output:
Change Dir: /home/swap/zephyr/samples/net/echo_client/built/CMakeFiles/CMakeTmp

Run Build Command:"/usr/bin/ninja" "cmTC_ad300"
[1/2] Building C object CMakeFiles/cmTC_ad300.dir/src.c.obj
[2/2] Linking C executable cmTC_ad300
/home/swap/directory/sysroots/x86_64-pokysdk-linux/usr/libexec/arm-zephyr-eabi/gcc/arm-zephyr-eabi/6.2.0/real-ld: warning: cannot find entry symbol _start; defaulting to 0000000000008024

Source file was:
int main(void) { return 0; }
Performing C SOURCE FILE Test check_fdata_sections_C succeeded with the following output:
Change Dir: /home/swap/zephyr/samples/net/echo_client/built/CMakeFiles/CMakeTmp

Run Build Command:"/usr/bin/ninja" "cmTC_fe754"
[1/2] Building C object CMakeFiles/cmTC_fe754.dir/src.c.obj
[2/2] Linking C executable cmTC_fe754
/home/swap/directory/sysroots/x86_64-pokysdk-linux/usr/libexec/arm-zephyr-eabi/gcc/arm-zephyr-eabi/6.2.0/real-ld: warning: cannot find entry symbol _start; defaulting to 0000000000008024

Source file was:
int main(void) { return 0; }
Performing C SOURCE FILE Test check_Wl___print_memory_usage succeeded with the following output:
Change Dir: /home/swap/zephyr/samples/net/echo_client/built/CMakeFiles/CMakeTmp

Run Build Command:"/usr/bin/ninja" "cmTC_7a300"
[1/2] Building C object CMakeFiles/cmTC_7a300.dir/src.c.obj
[2/2] Linking C executable cmTC_7a300
Memory region         Used Size  Region Size  %age Used/home/swap/directory/sysroots/x86_64-pokysdk-linux/usr/libexec/arm-zephyr-eabi/gcc/arm-zephyr-eabi/6.2.0/real-ld: warning: cannot find entry symbol _start; defaulting to 0000000000008024


Source file was:
int main(void) { return 0; }
