The target system is: Generic -  - arm
The host system is: Linux - 4.15.0-36-generic - x86_64
Compiling the C compiler identification source file "CMakeCCompilerId.c" succeeded.
Compiler: /home/swap/directory/sysroots/x86_64-pokysdk-linux/usr/bin/arm-zephyr-eabi/arm-zephyr-eabi-gcc 
Build flags: 
Id flags: -c 

The output was:
0


Compilation of the C compiler identification source "CMakeCCompilerId.c" produced "CMakeCCompilerId.o"

The C compiler identification is GNU, found in "/home/swap/zephyr/samples/bluetooth/ipsp/built/CMakeFiles/3.8.2/CompilerIdC/CMakeCCompilerId.o"

Compiling the CXX compiler identification source file "CMakeCXXCompilerId.cpp" succeeded.
Compiler: /home/swap/directory/sysroots/x86_64-pokysdk-linux/usr/bin/arm-zephyr-eabi/arm-zephyr-eabi-g++ 
Build flags: 
Id flags: -c 

The output was:
0


Compilation of the CXX compiler identification source "CMakeCXXCompilerId.cpp" produced "CMakeCXXCompilerId.o"

The CXX compiler identification is GNU, found in "/home/swap/zephyr/samples/bluetooth/ipsp/built/CMakeFiles/3.8.2/CompilerIdCXX/CMakeCXXCompilerId.o"

Performing C SOURCE FILE Test toolchain_is_ok succeeded with the following output:
Change Dir: /home/swap/zephyr/samples/bluetooth/ipsp/built/CMakeFiles/CMakeTmp

Run Build Command:"/usr/bin/ninja" "cmTC_24cac"
[1/2] Building C object CMakeFiles/cmTC_24cac.dir/src.c.obj
[2/2] Linking C executable cmTC_24cac
/home/swap/directory/sysroots/x86_64-pokysdk-linux/usr/libexec/arm-zephyr-eabi/gcc/arm-zephyr-eabi/6.2.0/real-ld: warning: cannot find entry symbol _start; defaulting to 0000000000008024

Source file was:
int main(void) { return 0; }
Performing C SOURCE FILE Test check_nostartfiles succeeded with the following output:
Change Dir: /home/swap/zephyr/samples/bluetooth/ipsp/built/CMakeFiles/CMakeTmp

Run Build Command:"/usr/bin/ninja" "cmTC_700ab"
[1/2] Building C object CMakeFiles/cmTC_700ab.dir/src.c.obj
[2/2] Linking C executable cmTC_700ab
/home/swap/directory/sysroots/x86_64-pokysdk-linux/usr/libexec/arm-zephyr-eabi/gcc/arm-zephyr-eabi/6.2.0/real-ld: warning: cannot find entry symbol _start; defaulting to 0000000000008024

Source file was:
int main(void) { return 0; }
Performing C SOURCE FILE Test check_nodefaultlibs succeeded with the following output:
Change Dir: /home/swap/zephyr/samples/bluetooth/ipsp/built/CMakeFiles/CMakeTmp

Run Build Command:"/usr/bin/ninja" "cmTC_2c978"
[1/2] Building C object CMakeFiles/cmTC_2c978.dir/src.c.obj
[2/2] Linking C executable cmTC_2c978
/home/swap/directory/sysroots/x86_64-pokysdk-linux/usr/libexec/arm-zephyr-eabi/gcc/arm-zephyr-eabi/6.2.0/real-ld: warning: cannot find entry symbol _start; defaulting to 0000000000008024

Source file was:
int main(void) { return 0; }
Performing C SOURCE FILE Test check_nostdlib succeeded with the following output:
Change Dir: /home/swap/zephyr/samples/bluetooth/ipsp/built/CMakeFiles/CMakeTmp

Run Build Command:"/usr/bin/ninja" "cmTC_85f3d"
[1/2] Building C object CMakeFiles/cmTC_85f3d.dir/src.c.obj
[2/2] Linking C executable cmTC_85f3d
/home/swap/directory/sysroots/x86_64-pokysdk-linux/usr/libexec/arm-zephyr-eabi/gcc/arm-zephyr-eabi/6.2.0/real-ld: warning: cannot find entry symbol _start; defaulting to 0000000000008024

Source file was:
int main(void) { return 0; }
Performing C SOURCE FILE Test check_static succeeded with the following output:
Change Dir: /home/swap/zephyr/samples/bluetooth/ipsp/built/CMakeFiles/CMakeTmp

Run Build Command:"/usr/bin/ninja" "cmTC_c67dc"
[1/2] Building C object CMakeFiles/cmTC_c67dc.dir/src.c.obj
[2/2] Linking C executable cmTC_c67dc
/home/swap/directory/sysroots/x86_64-pokysdk-linux/usr/libexec/arm-zephyr-eabi/gcc/arm-zephyr-eabi/6.2.0/real-ld: warning: cannot find entry symbol _start; defaulting to 0000000000008024

Source file was:
int main(void) { return 0; }
Performing C SOURCE FILE Test check_no_pie succeeded with the following output:
Change Dir: /home/swap/zephyr/samples/bluetooth/ipsp/built/CMakeFiles/CMakeTmp

Run Build Command:"/usr/bin/ninja" "cmTC_71d22"
[1/2] Building C object CMakeFiles/cmTC_71d22.dir/src.c.obj
[2/2] Linking C executable cmTC_71d22
/home/swap/directory/sysroots/x86_64-pokysdk-linux/usr/libexec/arm-zephyr-eabi/gcc/arm-zephyr-eabi/6.2.0/real-ld: warning: cannot find entry symbol _start; defaulting to 0000000000008024

Source file was:
int main(void) { return 0; }
Performing C SOURCE FILE Test check_fno_asynchronous_unwind_tables_C succeeded with the following output:
Change Dir: /home/swap/zephyr/samples/bluetooth/ipsp/built/CMakeFiles/CMakeTmp

Run Build Command:"/usr/bin/ninja" "cmTC_ee332"
[1/2] Building C object CMakeFiles/cmTC_ee332.dir/src.c.obj
[2/2] Linking C executable cmTC_ee332
/home/swap/directory/sysroots/x86_64-pokysdk-linux/usr/libexec/arm-zephyr-eabi/gcc/arm-zephyr-eabi/6.2.0/real-ld: warning: cannot find entry symbol _start; defaulting to 0000000000008024

Source file was:
int main(void) { return 0; }
Performing C SOURCE FILE Test check_fno_pie_C succeeded with the following output:
Change Dir: /home/swap/zephyr/samples/bluetooth/ipsp/built/CMakeFiles/CMakeTmp

Run Build Command:"/usr/bin/ninja" "cmTC_e3d71"
[1/2] Building C object CMakeFiles/cmTC_e3d71.dir/src.c.obj
[2/2] Linking C executable cmTC_e3d71
/home/swap/directory/sysroots/x86_64-pokysdk-linux/usr/libexec/arm-zephyr-eabi/gcc/arm-zephyr-eabi/6.2.0/real-ld: warning: cannot find entry symbol _start; defaulting to 0000000000008024

Source file was:
int main(void) { return 0; }
Performing C SOURCE FILE Test check_fno_pic_C succeeded with the following output:
Change Dir: /home/swap/zephyr/samples/bluetooth/ipsp/built/CMakeFiles/CMakeTmp

Run Build Command:"/usr/bin/ninja" "cmTC_86884"
[1/2] Building C object CMakeFiles/cmTC_86884.dir/src.c.obj
[2/2] Linking C executable cmTC_86884
/home/swap/directory/sysroots/x86_64-pokysdk-linux/usr/libexec/arm-zephyr-eabi/gcc/arm-zephyr-eabi/6.2.0/real-ld: warning: cannot find entry symbol _start; defaulting to 0000000000008024

Source file was:
int main(void) { return 0; }
Performing C SOURCE FILE Test check_fno_strict_overflow_C succeeded with the following output:
Change Dir: /home/swap/zephyr/samples/bluetooth/ipsp/built/CMakeFiles/CMakeTmp

Run Build Command:"/usr/bin/ninja" "cmTC_d9202"
[1/2] Building C object CMakeFiles/cmTC_d9202.dir/src.c.obj
[2/2] Linking C executable cmTC_d9202
/home/swap/directory/sysroots/x86_64-pokysdk-linux/usr/libexec/arm-zephyr-eabi/gcc/arm-zephyr-eabi/6.2.0/real-ld: warning: cannot find entry symbol _start; defaulting to 0000000000008024

Source file was:
int main(void) { return 0; }
Performing C SOURCE FILE Test check_Wno_pointer_sign_C succeeded with the following output:
Change Dir: /home/swap/zephyr/samples/bluetooth/ipsp/built/CMakeFiles/CMakeTmp

Run Build Command:"/usr/bin/ninja" "cmTC_f3603"
[1/2] Building C object CMakeFiles/cmTC_f3603.dir/src.c.obj
[2/2] Linking C executable cmTC_f3603
/home/swap/directory/sysroots/x86_64-pokysdk-linux/usr/libexec/arm-zephyr-eabi/gcc/arm-zephyr-eabi/6.2.0/real-ld: warning: cannot find entry symbol _start; defaulting to 0000000000008024

Source file was:
int main(void) { return 0; }
Performing C SOURCE FILE Test check_Wno_unused_but_set_variable_C succeeded with the following output:
Change Dir: /home/swap/zephyr/samples/bluetooth/ipsp/built/CMakeFiles/CMakeTmp

Run Build Command:"/usr/bin/ninja" "cmTC_c58be"
[1/2] Building C object CMakeFiles/cmTC_c58be.dir/src.c.obj
[2/2] Linking C executable cmTC_c58be
/home/swap/directory/sysroots/x86_64-pokysdk-linux/usr/libexec/arm-zephyr-eabi/gcc/arm-zephyr-eabi/6.2.0/real-ld: warning: cannot find entry symbol _start; defaulting to 0000000000008024

Source file was:
int main(void) { return 0; }
Performing C SOURCE FILE Test check_fno_reorder_functions_C succeeded with the following output:
Change Dir: /home/swap/zephyr/samples/bluetooth/ipsp/built/CMakeFiles/CMakeTmp

Run Build Command:"/usr/bin/ninja" "cmTC_674fe"
[1/2] Building C object CMakeFiles/cmTC_674fe.dir/src.c.obj
[2/2] Linking C executable cmTC_674fe
/home/swap/directory/sysroots/x86_64-pokysdk-linux/usr/libexec/arm-zephyr-eabi/gcc/arm-zephyr-eabi/6.2.0/real-ld: warning: cannot find entry symbol _start; defaulting to 0000000000008024

Source file was:
int main(void) { return 0; }
Performing C SOURCE FILE Test check_fno_defer_pop_C succeeded with the following output:
Change Dir: /home/swap/zephyr/samples/bluetooth/ipsp/built/CMakeFiles/CMakeTmp

Run Build Command:"/usr/bin/ninja" "cmTC_eb5c2"
[1/2] Building C object CMakeFiles/cmTC_eb5c2.dir/src.c.obj
[2/2] Linking C executable cmTC_eb5c2
/home/swap/directory/sysroots/x86_64-pokysdk-linux/usr/libexec/arm-zephyr-eabi/gcc/arm-zephyr-eabi/6.2.0/real-ld: warning: cannot find entry symbol _start; defaulting to 0000000000008024

Source file was:
int main(void) { return 0; }
Performing C SOURCE FILE Test check_Werror_implicit_int_C succeeded with the following output:
Change Dir: /home/swap/zephyr/samples/bluetooth/ipsp/built/CMakeFiles/CMakeTmp

Run Build Command:"/usr/bin/ninja" "cmTC_cbf58"
[1/2] Building C object CMakeFiles/cmTC_cbf58.dir/src.c.obj
[2/2] Linking C executable cmTC_cbf58
/home/swap/directory/sysroots/x86_64-pokysdk-linux/usr/libexec/arm-zephyr-eabi/gcc/arm-zephyr-eabi/6.2.0/real-ld: warning: cannot find entry symbol _start; defaulting to 0000000000008024

Source file was:
int main(void) { return 0; }
Performing C SOURCE FILE Test check_Wl__X succeeded with the following output:
Change Dir: /home/swap/zephyr/samples/bluetooth/ipsp/built/CMakeFiles/CMakeTmp

Run Build Command:"/usr/bin/ninja" "cmTC_91ef7"
[1/2] Building C object CMakeFiles/cmTC_91ef7.dir/src.c.obj
[2/2] Linking C executable cmTC_91ef7
/home/swap/directory/sysroots/x86_64-pokysdk-linux/usr/libexec/arm-zephyr-eabi/gcc/arm-zephyr-eabi/6.2.0/real-ld: warning: cannot find entry symbol _start; defaulting to 0000000000008024

Source file was:
int main(void) { return 0; }
Performing C SOURCE FILE Test check_Wl__N succeeded with the following output:
Change Dir: /home/swap/zephyr/samples/bluetooth/ipsp/built/CMakeFiles/CMakeTmp

Run Build Command:"/usr/bin/ninja" "cmTC_ecae4"
[1/2] Building C object CMakeFiles/cmTC_ecae4.dir/src.c.obj
[2/2] Linking C executable cmTC_ecae4
/home/swap/directory/sysroots/x86_64-pokysdk-linux/usr/libexec/arm-zephyr-eabi/gcc/arm-zephyr-eabi/6.2.0/real-ld: warning: cannot find entry symbol _start; defaulting to 0000000000008024

Source file was:
int main(void) { return 0; }
Performing C SOURCE FILE Test check_Wl___gc_sections succeeded with the following output:
Change Dir: /home/swap/zephyr/samples/bluetooth/ipsp/built/CMakeFiles/CMakeTmp

Run Build Command:"/usr/bin/ninja" "cmTC_eae2a"
[1/2] Building C object CMakeFiles/cmTC_eae2a.dir/src.c.obj
[2/2] Linking C executable cmTC_eae2a
/home/swap/directory/sysroots/x86_64-pokysdk-linux/usr/libexec/arm-zephyr-eabi/gcc/arm-zephyr-eabi/6.2.0/real-ld: warning: cannot find entry symbol _start; defaulting to 0000000000008024

Source file was:
int main(void) { return 0; }
Performing C SOURCE FILE Test check_Wl___build_id_none succeeded with the following output:
Change Dir: /home/swap/zephyr/samples/bluetooth/ipsp/built/CMakeFiles/CMakeTmp

Run Build Command:"/usr/bin/ninja" "cmTC_0c01b"
[1/2] Building C object CMakeFiles/cmTC_0c01b.dir/src.c.obj
[2/2] Linking C executable cmTC_0c01b
/home/swap/directory/sysroots/x86_64-pokysdk-linux/usr/libexec/arm-zephyr-eabi/gcc/arm-zephyr-eabi/6.2.0/real-ld: warning: cannot find entry symbol _start; defaulting to 0000000000008000

Source file was:
int main(void) { return 0; }
Performing C SOURCE FILE Test check_ffunction_sections_C succeeded with the following output:
Change Dir: /home/swap/zephyr/samples/bluetooth/ipsp/built/CMakeFiles/CMakeTmp

Run Build Command:"/usr/bin/ninja" "cmTC_afbe3"
[1/2] Building C object CMakeFiles/cmTC_afbe3.dir/src.c.obj
[2/2] Linking C executable cmTC_afbe3
/home/swap/directory/sysroots/x86_64-pokysdk-linux/usr/libexec/arm-zephyr-eabi/gcc/arm-zephyr-eabi/6.2.0/real-ld: warning: cannot find entry symbol _start; defaulting to 0000000000008024

Source file was:
int main(void) { return 0; }
Performing C SOURCE FILE Test check_fdata_sections_C succeeded with the following output:
Change Dir: /home/swap/zephyr/samples/bluetooth/ipsp/built/CMakeFiles/CMakeTmp

Run Build Command:"/usr/bin/ninja" "cmTC_bb7c1"
[1/2] Building C object CMakeFiles/cmTC_bb7c1.dir/src.c.obj
[2/2] Linking C executable cmTC_bb7c1
/home/swap/directory/sysroots/x86_64-pokysdk-linux/usr/libexec/arm-zephyr-eabi/gcc/arm-zephyr-eabi/6.2.0/real-ld: warning: cannot find entry symbol _start; defaulting to 0000000000008024

Source file was:
int main(void) { return 0; }
Performing C SOURCE FILE Test check_Wl___print_memory_usage succeeded with the following output:
Change Dir: /home/swap/zephyr/samples/bluetooth/ipsp/built/CMakeFiles/CMakeTmp

Run Build Command:"/usr/bin/ninja" "cmTC_5c1e9"
[1/2] Building C object CMakeFiles/cmTC_5c1e9.dir/src.c.obj
[2/2] Linking C executable cmTC_5c1e9
Memory region         Used Size  Region Size  %age Used/home/swap/directory/sysroots/x86_64-pokysdk-linux/usr/libexec/arm-zephyr-eabi/gcc/arm-zephyr-eabi/6.2.0/real-ld: warning: cannot find entry symbol _start; defaulting to 0000000000008024


Source file was:
int main(void) { return 0; }
