The target system is: Generic -  - arm
The host system is: Linux - 4.13.0-41-generic - x86_64
Compiling the C compiler identification source file "CMakeCCompilerId.c" succeeded.
Compiler: /home/swap/directory/sysroots/x86_64-pokysdk-linux/usr/bin/arm-zephyr-eabi/arm-zephyr-eabi-gcc 
Build flags: 
Id flags: -c 

The output was:
0


Compilation of the C compiler identification source "CMakeCCompilerId.c" produced "CMakeCCompilerId.o"

The C compiler identification is GNU, found in "/home/swap/zephyr/samples/bluetooth/beacon/CMakeFiles/3.8.2/CompilerIdC/CMakeCCompilerId.o"

Compiling the CXX compiler identification source file "CMakeCXXCompilerId.cpp" succeeded.
Compiler: /home/swap/directory/sysroots/x86_64-pokysdk-linux/usr/bin/arm-zephyr-eabi/arm-zephyr-eabi-g++ 
Build flags: 
Id flags: -c 

The output was:
0


Compilation of the CXX compiler identification source "CMakeCXXCompilerId.cpp" produced "CMakeCXXCompilerId.o"

The CXX compiler identification is GNU, found in "/home/swap/zephyr/samples/bluetooth/beacon/CMakeFiles/3.8.2/CompilerIdCXX/CMakeCXXCompilerId.o"

Performing C SOURCE FILE Test toolchain_is_ok succeeded with the following output:
Change Dir: /home/swap/zephyr/samples/bluetooth/beacon/CMakeFiles/CMakeTmp

Run Build Command:"/usr/bin/ninja" "cmTC_dbb5a"
[1/2] Building C object CMakeFiles/cmTC_dbb5a.dir/src.c.obj
[2/2] Linking C executable cmTC_dbb5a
/home/swap/directory/sysroots/x86_64-pokysdk-linux/usr/libexec/arm-zephyr-eabi/gcc/arm-zephyr-eabi/6.2.0/real-ld: warning: cannot find entry symbol _start; defaulting to 0000000000008024

Source file was:
int main(void) { return 0; }
Performing C SOURCE FILE Test check_nostartfiles succeeded with the following output:
Change Dir: /home/swap/zephyr/samples/bluetooth/beacon/CMakeFiles/CMakeTmp

Run Build Command:"/usr/bin/ninja" "cmTC_0f923"
[1/2] Building C object CMakeFiles/cmTC_0f923.dir/src.c.obj
[2/2] Linking C executable cmTC_0f923
/home/swap/directory/sysroots/x86_64-pokysdk-linux/usr/libexec/arm-zephyr-eabi/gcc/arm-zephyr-eabi/6.2.0/real-ld: warning: cannot find entry symbol _start; defaulting to 0000000000008024

Source file was:
int main(void) { return 0; }
Performing C SOURCE FILE Test check_nodefaultlibs succeeded with the following output:
Change Dir: /home/swap/zephyr/samples/bluetooth/beacon/CMakeFiles/CMakeTmp

Run Build Command:"/usr/bin/ninja" "cmTC_522fa"
[1/2] Building C object CMakeFiles/cmTC_522fa.dir/src.c.obj
[2/2] Linking C executable cmTC_522fa
/home/swap/directory/sysroots/x86_64-pokysdk-linux/usr/libexec/arm-zephyr-eabi/gcc/arm-zephyr-eabi/6.2.0/real-ld: warning: cannot find entry symbol _start; defaulting to 0000000000008024

Source file was:
int main(void) { return 0; }
Performing C SOURCE FILE Test check_nostdlib succeeded with the following output:
Change Dir: /home/swap/zephyr/samples/bluetooth/beacon/CMakeFiles/CMakeTmp

Run Build Command:"/usr/bin/ninja" "cmTC_c9114"
[1/2] Building C object CMakeFiles/cmTC_c9114.dir/src.c.obj
[2/2] Linking C executable cmTC_c9114
/home/swap/directory/sysroots/x86_64-pokysdk-linux/usr/libexec/arm-zephyr-eabi/gcc/arm-zephyr-eabi/6.2.0/real-ld: warning: cannot find entry symbol _start; defaulting to 0000000000008024

Source file was:
int main(void) { return 0; }
Performing C SOURCE FILE Test check_static succeeded with the following output:
Change Dir: /home/swap/zephyr/samples/bluetooth/beacon/CMakeFiles/CMakeTmp

Run Build Command:"/usr/bin/ninja" "cmTC_cab44"
[1/2] Building C object CMakeFiles/cmTC_cab44.dir/src.c.obj
[2/2] Linking C executable cmTC_cab44
/home/swap/directory/sysroots/x86_64-pokysdk-linux/usr/libexec/arm-zephyr-eabi/gcc/arm-zephyr-eabi/6.2.0/real-ld: warning: cannot find entry symbol _start; defaulting to 0000000000008024

Source file was:
int main(void) { return 0; }
Performing C SOURCE FILE Test check_no_pie succeeded with the following output:
Change Dir: /home/swap/zephyr/samples/bluetooth/beacon/CMakeFiles/CMakeTmp

Run Build Command:"/usr/bin/ninja" "cmTC_6e0bc"
[1/2] Building C object CMakeFiles/cmTC_6e0bc.dir/src.c.obj
[2/2] Linking C executable cmTC_6e0bc
/home/swap/directory/sysroots/x86_64-pokysdk-linux/usr/libexec/arm-zephyr-eabi/gcc/arm-zephyr-eabi/6.2.0/real-ld: warning: cannot find entry symbol _start; defaulting to 0000000000008024

Source file was:
int main(void) { return 0; }
Performing C SOURCE FILE Test check_fno_asynchronous_unwind_tables_C succeeded with the following output:
Change Dir: /home/swap/zephyr/samples/bluetooth/beacon/CMakeFiles/CMakeTmp

Run Build Command:"/usr/bin/ninja" "cmTC_8b3d2"
[1/2] Building C object CMakeFiles/cmTC_8b3d2.dir/src.c.obj
[2/2] Linking C executable cmTC_8b3d2
/home/swap/directory/sysroots/x86_64-pokysdk-linux/usr/libexec/arm-zephyr-eabi/gcc/arm-zephyr-eabi/6.2.0/real-ld: warning: cannot find entry symbol _start; defaulting to 0000000000008024

Source file was:
int main(void) { return 0; }
Performing C SOURCE FILE Test check_fno_pie_C succeeded with the following output:
Change Dir: /home/swap/zephyr/samples/bluetooth/beacon/CMakeFiles/CMakeTmp

Run Build Command:"/usr/bin/ninja" "cmTC_6062f"
[1/2] Building C object CMakeFiles/cmTC_6062f.dir/src.c.obj
[2/2] Linking C executable cmTC_6062f
/home/swap/directory/sysroots/x86_64-pokysdk-linux/usr/libexec/arm-zephyr-eabi/gcc/arm-zephyr-eabi/6.2.0/real-ld: warning: cannot find entry symbol _start; defaulting to 0000000000008024

Source file was:
int main(void) { return 0; }
Performing C SOURCE FILE Test check_fno_pic_C succeeded with the following output:
Change Dir: /home/swap/zephyr/samples/bluetooth/beacon/CMakeFiles/CMakeTmp

Run Build Command:"/usr/bin/ninja" "cmTC_beff7"
[1/2] Building C object CMakeFiles/cmTC_beff7.dir/src.c.obj
[2/2] Linking C executable cmTC_beff7
/home/swap/directory/sysroots/x86_64-pokysdk-linux/usr/libexec/arm-zephyr-eabi/gcc/arm-zephyr-eabi/6.2.0/real-ld: warning: cannot find entry symbol _start; defaulting to 0000000000008024

Source file was:
int main(void) { return 0; }
Performing C SOURCE FILE Test check_fno_strict_overflow_C succeeded with the following output:
Change Dir: /home/swap/zephyr/samples/bluetooth/beacon/CMakeFiles/CMakeTmp

Run Build Command:"/usr/bin/ninja" "cmTC_53c53"
[1/2] Building C object CMakeFiles/cmTC_53c53.dir/src.c.obj
[2/2] Linking C executable cmTC_53c53
/home/swap/directory/sysroots/x86_64-pokysdk-linux/usr/libexec/arm-zephyr-eabi/gcc/arm-zephyr-eabi/6.2.0/real-ld: warning: cannot find entry symbol _start; defaulting to 0000000000008024

Source file was:
int main(void) { return 0; }
Performing C SOURCE FILE Test check_Wno_pointer_sign_C succeeded with the following output:
Change Dir: /home/swap/zephyr/samples/bluetooth/beacon/CMakeFiles/CMakeTmp

Run Build Command:"/usr/bin/ninja" "cmTC_94991"
[1/2] Building C object CMakeFiles/cmTC_94991.dir/src.c.obj
[2/2] Linking C executable cmTC_94991
/home/swap/directory/sysroots/x86_64-pokysdk-linux/usr/libexec/arm-zephyr-eabi/gcc/arm-zephyr-eabi/6.2.0/real-ld: warning: cannot find entry symbol _start; defaulting to 0000000000008024

Source file was:
int main(void) { return 0; }
Performing C SOURCE FILE Test check_Wno_unused_but_set_variable_C succeeded with the following output:
Change Dir: /home/swap/zephyr/samples/bluetooth/beacon/CMakeFiles/CMakeTmp

Run Build Command:"/usr/bin/ninja" "cmTC_95089"
[1/2] Building C object CMakeFiles/cmTC_95089.dir/src.c.obj
[2/2] Linking C executable cmTC_95089
/home/swap/directory/sysroots/x86_64-pokysdk-linux/usr/libexec/arm-zephyr-eabi/gcc/arm-zephyr-eabi/6.2.0/real-ld: warning: cannot find entry symbol _start; defaulting to 0000000000008024

Source file was:
int main(void) { return 0; }
Performing C SOURCE FILE Test check_fno_reorder_functions_C succeeded with the following output:
Change Dir: /home/swap/zephyr/samples/bluetooth/beacon/CMakeFiles/CMakeTmp

Run Build Command:"/usr/bin/ninja" "cmTC_4d91a"
[1/2] Building C object CMakeFiles/cmTC_4d91a.dir/src.c.obj
[2/2] Linking C executable cmTC_4d91a
/home/swap/directory/sysroots/x86_64-pokysdk-linux/usr/libexec/arm-zephyr-eabi/gcc/arm-zephyr-eabi/6.2.0/real-ld: warning: cannot find entry symbol _start; defaulting to 0000000000008024

Source file was:
int main(void) { return 0; }
Performing C SOURCE FILE Test check_fno_defer_pop_C succeeded with the following output:
Change Dir: /home/swap/zephyr/samples/bluetooth/beacon/CMakeFiles/CMakeTmp

Run Build Command:"/usr/bin/ninja" "cmTC_ad22f"
[1/2] Building C object CMakeFiles/cmTC_ad22f.dir/src.c.obj
[2/2] Linking C executable cmTC_ad22f
/home/swap/directory/sysroots/x86_64-pokysdk-linux/usr/libexec/arm-zephyr-eabi/gcc/arm-zephyr-eabi/6.2.0/real-ld: warning: cannot find entry symbol _start; defaulting to 0000000000008024

Source file was:
int main(void) { return 0; }
Performing C SOURCE FILE Test check_Werror_implicit_int_C succeeded with the following output:
Change Dir: /home/swap/zephyr/samples/bluetooth/beacon/CMakeFiles/CMakeTmp

Run Build Command:"/usr/bin/ninja" "cmTC_190ca"
[1/2] Building C object CMakeFiles/cmTC_190ca.dir/src.c.obj
[2/2] Linking C executable cmTC_190ca
/home/swap/directory/sysroots/x86_64-pokysdk-linux/usr/libexec/arm-zephyr-eabi/gcc/arm-zephyr-eabi/6.2.0/real-ld: warning: cannot find entry symbol _start; defaulting to 0000000000008024

Source file was:
int main(void) { return 0; }
Performing C SOURCE FILE Test check_Wl__X succeeded with the following output:
Change Dir: /home/swap/zephyr/samples/bluetooth/beacon/CMakeFiles/CMakeTmp

Run Build Command:"/usr/bin/ninja" "cmTC_4da7d"
[1/2] Building C object CMakeFiles/cmTC_4da7d.dir/src.c.obj
[2/2] Linking C executable cmTC_4da7d
/home/swap/directory/sysroots/x86_64-pokysdk-linux/usr/libexec/arm-zephyr-eabi/gcc/arm-zephyr-eabi/6.2.0/real-ld: warning: cannot find entry symbol _start; defaulting to 0000000000008024

Source file was:
int main(void) { return 0; }
Performing C SOURCE FILE Test check_Wl__N succeeded with the following output:
Change Dir: /home/swap/zephyr/samples/bluetooth/beacon/CMakeFiles/CMakeTmp

Run Build Command:"/usr/bin/ninja" "cmTC_1a6ce"
[1/2] Building C object CMakeFiles/cmTC_1a6ce.dir/src.c.obj
[2/2] Linking C executable cmTC_1a6ce
/home/swap/directory/sysroots/x86_64-pokysdk-linux/usr/libexec/arm-zephyr-eabi/gcc/arm-zephyr-eabi/6.2.0/real-ld: warning: cannot find entry symbol _start; defaulting to 0000000000008024

Source file was:
int main(void) { return 0; }
Performing C SOURCE FILE Test check_Wl___gc_sections succeeded with the following output:
Change Dir: /home/swap/zephyr/samples/bluetooth/beacon/CMakeFiles/CMakeTmp

Run Build Command:"/usr/bin/ninja" "cmTC_01434"
[1/2] Building C object CMakeFiles/cmTC_01434.dir/src.c.obj
[2/2] Linking C executable cmTC_01434
/home/swap/directory/sysroots/x86_64-pokysdk-linux/usr/libexec/arm-zephyr-eabi/gcc/arm-zephyr-eabi/6.2.0/real-ld: warning: cannot find entry symbol _start; defaulting to 0000000000008024

Source file was:
int main(void) { return 0; }
Performing C SOURCE FILE Test check_Wl___build_id_none succeeded with the following output:
Change Dir: /home/swap/zephyr/samples/bluetooth/beacon/CMakeFiles/CMakeTmp

Run Build Command:"/usr/bin/ninja" "cmTC_e7382"
[1/2] Building C object CMakeFiles/cmTC_e7382.dir/src.c.obj
[2/2] Linking C executable cmTC_e7382
/home/swap/directory/sysroots/x86_64-pokysdk-linux/usr/libexec/arm-zephyr-eabi/gcc/arm-zephyr-eabi/6.2.0/real-ld: warning: cannot find entry symbol _start; defaulting to 0000000000008000

Source file was:
int main(void) { return 0; }
Performing C SOURCE FILE Test check_ffunction_sections_C succeeded with the following output:
Change Dir: /home/swap/zephyr/samples/bluetooth/beacon/CMakeFiles/CMakeTmp

Run Build Command:"/usr/bin/ninja" "cmTC_489e0"
[1/2] Building C object CMakeFiles/cmTC_489e0.dir/src.c.obj
[2/2] Linking C executable cmTC_489e0
/home/swap/directory/sysroots/x86_64-pokysdk-linux/usr/libexec/arm-zephyr-eabi/gcc/arm-zephyr-eabi/6.2.0/real-ld: warning: cannot find entry symbol _start; defaulting to 0000000000008024

Source file was:
int main(void) { return 0; }
Performing C SOURCE FILE Test check_fdata_sections_C succeeded with the following output:
Change Dir: /home/swap/zephyr/samples/bluetooth/beacon/CMakeFiles/CMakeTmp

Run Build Command:"/usr/bin/ninja" "cmTC_e434c"
[1/2] Building C object CMakeFiles/cmTC_e434c.dir/src.c.obj
[2/2] Linking C executable cmTC_e434c
/home/swap/directory/sysroots/x86_64-pokysdk-linux/usr/libexec/arm-zephyr-eabi/gcc/arm-zephyr-eabi/6.2.0/real-ld: warning: cannot find entry symbol _start; defaulting to 0000000000008024

Source file was:
int main(void) { return 0; }
Performing C SOURCE FILE Test check_Wl___print_memory_usage succeeded with the following output:
Change Dir: /home/swap/zephyr/samples/bluetooth/beacon/CMakeFiles/CMakeTmp

Run Build Command:"/usr/bin/ninja" "cmTC_e1600"
[1/2] Building C object CMakeFiles/cmTC_e1600.dir/src.c.obj
[2/2] Linking C executable cmTC_e1600
Memory region         Used Size  Region Size  %age Used/home/swap/directory/sysroots/x86_64-pokysdk-linux/usr/libexec/arm-zephyr-eabi/gcc/arm-zephyr-eabi/6.2.0/real-ld: warning: cannot find entry symbol _start; defaulting to 0000000000008024


Source file was:
int main(void) { return 0; }
