The target system is: Generic -  - arm
The host system is: Linux - 4.13.0-37-generic - x86_64
Compiling the C compiler identification source file "CMakeCCompilerId.c" succeeded.
Compiler: /home/swap/gcc-arm-none-eabi-7-2017-q4-major/bin/arm-none-eabi-gcc 
Build flags: 
Id flags: -c 

The output was:
0


Compilation of the C compiler identification source "CMakeCCompilerId.c" produced "CMakeCCompilerId.o"

The C compiler identification is GNU, found in "/home/swap/zephyr/samples/hello_world/builds/CMakeFiles/3.8.2/CompilerIdC/CMakeCCompilerId.o"

Compiling the CXX compiler identification source file "CMakeCXXCompilerId.cpp" succeeded.
Compiler: /home/swap/gcc-arm-none-eabi-7-2017-q4-major/bin/arm-none-eabi-g++ 
Build flags: 
Id flags: -c 

The output was:
0


Compilation of the CXX compiler identification source "CMakeCXXCompilerId.cpp" produced "CMakeCXXCompilerId.o"

The CXX compiler identification is GNU, found in "/home/swap/zephyr/samples/hello_world/builds/CMakeFiles/3.8.2/CompilerIdCXX/CMakeCXXCompilerId.o"

Performing C SOURCE FILE Test toolchain_is_ok succeeded with the following output:
Change Dir: /home/swap/zephyr/samples/hello_world/builds/CMakeFiles/CMakeTmp

Run Build Command:"/usr/bin/ninja" "cmTC_db957"
[1/2] Building C object CMakeFiles/cmTC_db957.dir/src.c.obj
[2/2] Linking C executable cmTC_db957
/home/swap/gcc-arm-none-eabi-7-2017-q4-major/bin/../lib/gcc/arm-none-eabi/7.2.1/../../../../arm-none-eabi/bin/ld: warning: cannot find entry symbol _start; defaulting to 0000000000008000

Source file was:
int main(void) { return 0; }
Performing C SOURCE FILE Test check_nostartfiles succeeded with the following output:
Change Dir: /home/swap/zephyr/samples/hello_world/builds/CMakeFiles/CMakeTmp

Run Build Command:"/usr/bin/ninja" "cmTC_c2a76"
[1/2] Building C object CMakeFiles/cmTC_c2a76.dir/src.c.obj
[2/2] Linking C executable cmTC_c2a76
/home/swap/gcc-arm-none-eabi-7-2017-q4-major/bin/../lib/gcc/arm-none-eabi/7.2.1/../../../../arm-none-eabi/bin/ld: warning: cannot find entry symbol _start; defaulting to 0000000000008000

Source file was:
int main(void) { return 0; }
Performing C SOURCE FILE Test check_nodefaultlibs succeeded with the following output:
Change Dir: /home/swap/zephyr/samples/hello_world/builds/CMakeFiles/CMakeTmp

Run Build Command:"/usr/bin/ninja" "cmTC_66ac2"
[1/2] Building C object CMakeFiles/cmTC_66ac2.dir/src.c.obj
[2/2] Linking C executable cmTC_66ac2
/home/swap/gcc-arm-none-eabi-7-2017-q4-major/bin/../lib/gcc/arm-none-eabi/7.2.1/../../../../arm-none-eabi/bin/ld: warning: cannot find entry symbol _start; defaulting to 0000000000008000

Source file was:
int main(void) { return 0; }
Performing C SOURCE FILE Test check_nostdlib succeeded with the following output:
Change Dir: /home/swap/zephyr/samples/hello_world/builds/CMakeFiles/CMakeTmp

Run Build Command:"/usr/bin/ninja" "cmTC_513b1"
[1/2] Building C object CMakeFiles/cmTC_513b1.dir/src.c.obj
[2/2] Linking C executable cmTC_513b1
/home/swap/gcc-arm-none-eabi-7-2017-q4-major/bin/../lib/gcc/arm-none-eabi/7.2.1/../../../../arm-none-eabi/bin/ld: warning: cannot find entry symbol _start; defaulting to 0000000000008000

Source file was:
int main(void) { return 0; }
Performing C SOURCE FILE Test check_static succeeded with the following output:
Change Dir: /home/swap/zephyr/samples/hello_world/builds/CMakeFiles/CMakeTmp

Run Build Command:"/usr/bin/ninja" "cmTC_0842a"
[1/2] Building C object CMakeFiles/cmTC_0842a.dir/src.c.obj
[2/2] Linking C executable cmTC_0842a
/home/swap/gcc-arm-none-eabi-7-2017-q4-major/bin/../lib/gcc/arm-none-eabi/7.2.1/../../../../arm-none-eabi/bin/ld: warning: cannot find entry symbol _start; defaulting to 0000000000008000

Source file was:
int main(void) { return 0; }
Performing C SOURCE FILE Test check_no_pie succeeded with the following output:
Change Dir: /home/swap/zephyr/samples/hello_world/builds/CMakeFiles/CMakeTmp

Run Build Command:"/usr/bin/ninja" "cmTC_ff63f"
[1/2] Building C object CMakeFiles/cmTC_ff63f.dir/src.c.obj
[2/2] Linking C executable cmTC_ff63f
/home/swap/gcc-arm-none-eabi-7-2017-q4-major/bin/../lib/gcc/arm-none-eabi/7.2.1/../../../../arm-none-eabi/bin/ld: warning: cannot find entry symbol _start; defaulting to 0000000000008000

Source file was:
int main(void) { return 0; }
Performing C SOURCE FILE Test check_fno_asynchronous_unwind_tables_C succeeded with the following output:
Change Dir: /home/swap/zephyr/samples/hello_world/builds/CMakeFiles/CMakeTmp

Run Build Command:"/usr/bin/ninja" "cmTC_05282"
[1/2] Building C object CMakeFiles/cmTC_05282.dir/src.c.obj
[2/2] Linking C executable cmTC_05282
/home/swap/gcc-arm-none-eabi-7-2017-q4-major/bin/../lib/gcc/arm-none-eabi/7.2.1/../../../../arm-none-eabi/bin/ld: warning: cannot find entry symbol _start; defaulting to 0000000000008000

Source file was:
int main(void) { return 0; }
Performing C SOURCE FILE Test check_fno_pie_C succeeded with the following output:
Change Dir: /home/swap/zephyr/samples/hello_world/builds/CMakeFiles/CMakeTmp

Run Build Command:"/usr/bin/ninja" "cmTC_e049f"
[1/2] Building C object CMakeFiles/cmTC_e049f.dir/src.c.obj
[2/2] Linking C executable cmTC_e049f
/home/swap/gcc-arm-none-eabi-7-2017-q4-major/bin/../lib/gcc/arm-none-eabi/7.2.1/../../../../arm-none-eabi/bin/ld: warning: cannot find entry symbol _start; defaulting to 0000000000008000

Source file was:
int main(void) { return 0; }
Performing C SOURCE FILE Test check_fno_pic_C succeeded with the following output:
Change Dir: /home/swap/zephyr/samples/hello_world/builds/CMakeFiles/CMakeTmp

Run Build Command:"/usr/bin/ninja" "cmTC_b88b6"
[1/2] Building C object CMakeFiles/cmTC_b88b6.dir/src.c.obj
[2/2] Linking C executable cmTC_b88b6
/home/swap/gcc-arm-none-eabi-7-2017-q4-major/bin/../lib/gcc/arm-none-eabi/7.2.1/../../../../arm-none-eabi/bin/ld: warning: cannot find entry symbol _start; defaulting to 0000000000008000

Source file was:
int main(void) { return 0; }
Performing C SOURCE FILE Test check_fno_strict_overflow_C succeeded with the following output:
Change Dir: /home/swap/zephyr/samples/hello_world/builds/CMakeFiles/CMakeTmp

Run Build Command:"/usr/bin/ninja" "cmTC_ef924"
[1/2] Building C object CMakeFiles/cmTC_ef924.dir/src.c.obj
[2/2] Linking C executable cmTC_ef924
/home/swap/gcc-arm-none-eabi-7-2017-q4-major/bin/../lib/gcc/arm-none-eabi/7.2.1/../../../../arm-none-eabi/bin/ld: warning: cannot find entry symbol _start; defaulting to 0000000000008000

Source file was:
int main(void) { return 0; }
Performing C SOURCE FILE Test check_Wno_pointer_sign_C succeeded with the following output:
Change Dir: /home/swap/zephyr/samples/hello_world/builds/CMakeFiles/CMakeTmp

Run Build Command:"/usr/bin/ninja" "cmTC_e55cd"
[1/2] Building C object CMakeFiles/cmTC_e55cd.dir/src.c.obj
[2/2] Linking C executable cmTC_e55cd
/home/swap/gcc-arm-none-eabi-7-2017-q4-major/bin/../lib/gcc/arm-none-eabi/7.2.1/../../../../arm-none-eabi/bin/ld: warning: cannot find entry symbol _start; defaulting to 0000000000008000

Source file was:
int main(void) { return 0; }
Performing C SOURCE FILE Test check_Wno_unused_but_set_variable_C succeeded with the following output:
Change Dir: /home/swap/zephyr/samples/hello_world/builds/CMakeFiles/CMakeTmp

Run Build Command:"/usr/bin/ninja" "cmTC_638ec"
[1/2] Building C object CMakeFiles/cmTC_638ec.dir/src.c.obj
[2/2] Linking C executable cmTC_638ec
/home/swap/gcc-arm-none-eabi-7-2017-q4-major/bin/../lib/gcc/arm-none-eabi/7.2.1/../../../../arm-none-eabi/bin/ld: warning: cannot find entry symbol _start; defaulting to 0000000000008000

Source file was:
int main(void) { return 0; }
Performing C SOURCE FILE Test check_fno_reorder_functions_C succeeded with the following output:
Change Dir: /home/swap/zephyr/samples/hello_world/builds/CMakeFiles/CMakeTmp

Run Build Command:"/usr/bin/ninja" "cmTC_14ca1"
[1/2] Building C object CMakeFiles/cmTC_14ca1.dir/src.c.obj
[2/2] Linking C executable cmTC_14ca1
/home/swap/gcc-arm-none-eabi-7-2017-q4-major/bin/../lib/gcc/arm-none-eabi/7.2.1/../../../../arm-none-eabi/bin/ld: warning: cannot find entry symbol _start; defaulting to 0000000000008000

Source file was:
int main(void) { return 0; }
Performing C SOURCE FILE Test check_fno_defer_pop_C succeeded with the following output:
Change Dir: /home/swap/zephyr/samples/hello_world/builds/CMakeFiles/CMakeTmp

Run Build Command:"/usr/bin/ninja" "cmTC_007a4"
[1/2] Building C object CMakeFiles/cmTC_007a4.dir/src.c.obj
[2/2] Linking C executable cmTC_007a4
/home/swap/gcc-arm-none-eabi-7-2017-q4-major/bin/../lib/gcc/arm-none-eabi/7.2.1/../../../../arm-none-eabi/bin/ld: warning: cannot find entry symbol _start; defaulting to 0000000000008000

Source file was:
int main(void) { return 0; }
Performing C SOURCE FILE Test check_Werror_implicit_int_C succeeded with the following output:
Change Dir: /home/swap/zephyr/samples/hello_world/builds/CMakeFiles/CMakeTmp

Run Build Command:"/usr/bin/ninja" "cmTC_66006"
[1/2] Building C object CMakeFiles/cmTC_66006.dir/src.c.obj
[2/2] Linking C executable cmTC_66006
/home/swap/gcc-arm-none-eabi-7-2017-q4-major/bin/../lib/gcc/arm-none-eabi/7.2.1/../../../../arm-none-eabi/bin/ld: warning: cannot find entry symbol _start; defaulting to 0000000000008000

Source file was:
int main(void) { return 0; }
Performing C SOURCE FILE Test check_Wl__X succeeded with the following output:
Change Dir: /home/swap/zephyr/samples/hello_world/builds/CMakeFiles/CMakeTmp

Run Build Command:"/usr/bin/ninja" "cmTC_58620"
[1/2] Building C object CMakeFiles/cmTC_58620.dir/src.c.obj
[2/2] Linking C executable cmTC_58620
/home/swap/gcc-arm-none-eabi-7-2017-q4-major/bin/../lib/gcc/arm-none-eabi/7.2.1/../../../../arm-none-eabi/bin/ld: warning: cannot find entry symbol _start; defaulting to 0000000000008000

Source file was:
int main(void) { return 0; }
Performing C SOURCE FILE Test check_Wl__N succeeded with the following output:
Change Dir: /home/swap/zephyr/samples/hello_world/builds/CMakeFiles/CMakeTmp

Run Build Command:"/usr/bin/ninja" "cmTC_11703"
[1/2] Building C object CMakeFiles/cmTC_11703.dir/src.c.obj
[2/2] Linking C executable cmTC_11703
/home/swap/gcc-arm-none-eabi-7-2017-q4-major/bin/../lib/gcc/arm-none-eabi/7.2.1/../../../../arm-none-eabi/bin/ld: warning: cannot find entry symbol _start; defaulting to 0000000000008000

Source file was:
int main(void) { return 0; }
Performing C SOURCE FILE Test check_Wl___gc_sections succeeded with the following output:
Change Dir: /home/swap/zephyr/samples/hello_world/builds/CMakeFiles/CMakeTmp

Run Build Command:"/usr/bin/ninja" "cmTC_bc736"
[1/2] Building C object CMakeFiles/cmTC_bc736.dir/src.c.obj
[2/2] Linking C executable cmTC_bc736
/home/swap/gcc-arm-none-eabi-7-2017-q4-major/bin/../lib/gcc/arm-none-eabi/7.2.1/../../../../arm-none-eabi/bin/ld: warning: cannot find entry symbol _start; defaulting to 0000000000008000

Source file was:
int main(void) { return 0; }
Performing C SOURCE FILE Test check_Wl___build_id_none succeeded with the following output:
Change Dir: /home/swap/zephyr/samples/hello_world/builds/CMakeFiles/CMakeTmp

Run Build Command:"/usr/bin/ninja" "cmTC_8e4be"
[1/2] Building C object CMakeFiles/cmTC_8e4be.dir/src.c.obj
[2/2] Linking C executable cmTC_8e4be
/home/swap/gcc-arm-none-eabi-7-2017-q4-major/bin/../lib/gcc/arm-none-eabi/7.2.1/../../../../arm-none-eabi/bin/ld: warning: cannot find entry symbol _start; defaulting to 0000000000008000

Source file was:
int main(void) { return 0; }
Performing C SOURCE FILE Test check_ffunction_sections_C succeeded with the following output:
Change Dir: /home/swap/zephyr/samples/hello_world/builds/CMakeFiles/CMakeTmp

Run Build Command:"/usr/bin/ninja" "cmTC_9bf6a"
[1/2] Building C object CMakeFiles/cmTC_9bf6a.dir/src.c.obj
[2/2] Linking C executable cmTC_9bf6a
/home/swap/gcc-arm-none-eabi-7-2017-q4-major/bin/../lib/gcc/arm-none-eabi/7.2.1/../../../../arm-none-eabi/bin/ld: warning: cannot find entry symbol _start; defaulting to 0000000000008000

Source file was:
int main(void) { return 0; }
Performing C SOURCE FILE Test check_fdata_sections_C succeeded with the following output:
Change Dir: /home/swap/zephyr/samples/hello_world/builds/CMakeFiles/CMakeTmp

Run Build Command:"/usr/bin/ninja" "cmTC_ee390"
[1/2] Building C object CMakeFiles/cmTC_ee390.dir/src.c.obj
[2/2] Linking C executable cmTC_ee390
/home/swap/gcc-arm-none-eabi-7-2017-q4-major/bin/../lib/gcc/arm-none-eabi/7.2.1/../../../../arm-none-eabi/bin/ld: warning: cannot find entry symbol _start; defaulting to 0000000000008000

Source file was:
int main(void) { return 0; }
Performing C SOURCE FILE Test check_Wl___print_memory_usage succeeded with the following output:
Change Dir: /home/swap/zephyr/samples/hello_world/builds/CMakeFiles/CMakeTmp

Run Build Command:"/usr/bin/ninja" "cmTC_02a73"
[1/2] Building C object CMakeFiles/cmTC_02a73.dir/src.c.obj
[2/2] Linking C executable cmTC_02a73
Memory region         Used Size  Region Size  %age Used/home/swap/gcc-arm-none-eabi-7-2017-q4-major/bin/../lib/gcc/arm-none-eabi/7.2.1/../../../../arm-none-eabi/bin/ld: warning: cannot find entry symbol _start; defaulting to 0000000000008000


Source file was:
int main(void) { return 0; }
