The target system is: Generic -  - arm
The host system is: Linux - 4.13.0-37-generic - x86_64
Compiling the C compiler identification source file "CMakeCCompilerId.c" succeeded.
Compiler: /home/swap/directory/sysroots/x86_64-pokysdk-linux/usr/bin/arm-zephyr-eabi/arm-zephyr-eabi-gcc 
Build flags: 
Id flags: -c 

The output was:
0


Compilation of the C compiler identification source "CMakeCCompilerId.c" produced "CMakeCCompilerId.o"

The C compiler identification is GNU, found in "/home/swap/zephyr/samples/net/echo_server/built/CMakeFiles/3.8.2/CompilerIdC/CMakeCCompilerId.o"

Compiling the CXX compiler identification source file "CMakeCXXCompilerId.cpp" succeeded.
Compiler: /home/swap/directory/sysroots/x86_64-pokysdk-linux/usr/bin/arm-zephyr-eabi/arm-zephyr-eabi-g++ 
Build flags: 
Id flags: -c 

The output was:
0


Compilation of the CXX compiler identification source "CMakeCXXCompilerId.cpp" produced "CMakeCXXCompilerId.o"

The CXX compiler identification is GNU, found in "/home/swap/zephyr/samples/net/echo_server/built/CMakeFiles/3.8.2/CompilerIdCXX/CMakeCXXCompilerId.o"

Performing C SOURCE FILE Test toolchain_is_ok succeeded with the following output:
Change Dir: /home/swap/zephyr/samples/net/echo_server/built/CMakeFiles/CMakeTmp

Run Build Command:"/usr/bin/ninja" "cmTC_90225"
[1/2] Building C object CMakeFiles/cmTC_90225.dir/src.c.obj
[2/2] Linking C executable cmTC_90225
/home/swap/directory/sysroots/x86_64-pokysdk-linux/usr/libexec/arm-zephyr-eabi/gcc/arm-zephyr-eabi/6.2.0/real-ld: warning: cannot find entry symbol _start; defaulting to 0000000000008024

Source file was:
int main(void) { return 0; }
Performing C SOURCE FILE Test check_nostartfiles succeeded with the following output:
Change Dir: /home/swap/zephyr/samples/net/echo_server/built/CMakeFiles/CMakeTmp

Run Build Command:"/usr/bin/ninja" "cmTC_b25e2"
[1/2] Building C object CMakeFiles/cmTC_b25e2.dir/src.c.obj
[2/2] Linking C executable cmTC_b25e2
/home/swap/directory/sysroots/x86_64-pokysdk-linux/usr/libexec/arm-zephyr-eabi/gcc/arm-zephyr-eabi/6.2.0/real-ld: warning: cannot find entry symbol _start; defaulting to 0000000000008024

Source file was:
int main(void) { return 0; }
Performing C SOURCE FILE Test check_nodefaultlibs succeeded with the following output:
Change Dir: /home/swap/zephyr/samples/net/echo_server/built/CMakeFiles/CMakeTmp

Run Build Command:"/usr/bin/ninja" "cmTC_9a847"
[1/2] Building C object CMakeFiles/cmTC_9a847.dir/src.c.obj
[2/2] Linking C executable cmTC_9a847
/home/swap/directory/sysroots/x86_64-pokysdk-linux/usr/libexec/arm-zephyr-eabi/gcc/arm-zephyr-eabi/6.2.0/real-ld: warning: cannot find entry symbol _start; defaulting to 0000000000008024

Source file was:
int main(void) { return 0; }
Performing C SOURCE FILE Test check_nostdlib succeeded with the following output:
Change Dir: /home/swap/zephyr/samples/net/echo_server/built/CMakeFiles/CMakeTmp

Run Build Command:"/usr/bin/ninja" "cmTC_c5ec3"
[1/2] Building C object CMakeFiles/cmTC_c5ec3.dir/src.c.obj
[2/2] Linking C executable cmTC_c5ec3
/home/swap/directory/sysroots/x86_64-pokysdk-linux/usr/libexec/arm-zephyr-eabi/gcc/arm-zephyr-eabi/6.2.0/real-ld: warning: cannot find entry symbol _start; defaulting to 0000000000008024

Source file was:
int main(void) { return 0; }
Performing C SOURCE FILE Test check_static succeeded with the following output:
Change Dir: /home/swap/zephyr/samples/net/echo_server/built/CMakeFiles/CMakeTmp

Run Build Command:"/usr/bin/ninja" "cmTC_7949d"
[1/2] Building C object CMakeFiles/cmTC_7949d.dir/src.c.obj
[2/2] Linking C executable cmTC_7949d
/home/swap/directory/sysroots/x86_64-pokysdk-linux/usr/libexec/arm-zephyr-eabi/gcc/arm-zephyr-eabi/6.2.0/real-ld: warning: cannot find entry symbol _start; defaulting to 0000000000008024

Source file was:
int main(void) { return 0; }
Performing C SOURCE FILE Test check_no_pie succeeded with the following output:
Change Dir: /home/swap/zephyr/samples/net/echo_server/built/CMakeFiles/CMakeTmp

Run Build Command:"/usr/bin/ninja" "cmTC_342fc"
[1/2] Building C object CMakeFiles/cmTC_342fc.dir/src.c.obj
[2/2] Linking C executable cmTC_342fc
/home/swap/directory/sysroots/x86_64-pokysdk-linux/usr/libexec/arm-zephyr-eabi/gcc/arm-zephyr-eabi/6.2.0/real-ld: warning: cannot find entry symbol _start; defaulting to 0000000000008024

Source file was:
int main(void) { return 0; }
Performing C SOURCE FILE Test check_fno_asynchronous_unwind_tables_C succeeded with the following output:
Change Dir: /home/swap/zephyr/samples/net/echo_server/built/CMakeFiles/CMakeTmp

Run Build Command:"/usr/bin/ninja" "cmTC_65cc4"
[1/2] Building C object CMakeFiles/cmTC_65cc4.dir/src.c.obj
[2/2] Linking C executable cmTC_65cc4
/home/swap/directory/sysroots/x86_64-pokysdk-linux/usr/libexec/arm-zephyr-eabi/gcc/arm-zephyr-eabi/6.2.0/real-ld: warning: cannot find entry symbol _start; defaulting to 0000000000008024

Source file was:
int main(void) { return 0; }
Performing C SOURCE FILE Test check_fno_pie_C succeeded with the following output:
Change Dir: /home/swap/zephyr/samples/net/echo_server/built/CMakeFiles/CMakeTmp

Run Build Command:"/usr/bin/ninja" "cmTC_42cd7"
[1/2] Building C object CMakeFiles/cmTC_42cd7.dir/src.c.obj
[2/2] Linking C executable cmTC_42cd7
/home/swap/directory/sysroots/x86_64-pokysdk-linux/usr/libexec/arm-zephyr-eabi/gcc/arm-zephyr-eabi/6.2.0/real-ld: warning: cannot find entry symbol _start; defaulting to 0000000000008024

Source file was:
int main(void) { return 0; }
Performing C SOURCE FILE Test check_fno_pic_C succeeded with the following output:
Change Dir: /home/swap/zephyr/samples/net/echo_server/built/CMakeFiles/CMakeTmp

Run Build Command:"/usr/bin/ninja" "cmTC_40c16"
[1/2] Building C object CMakeFiles/cmTC_40c16.dir/src.c.obj
[2/2] Linking C executable cmTC_40c16
/home/swap/directory/sysroots/x86_64-pokysdk-linux/usr/libexec/arm-zephyr-eabi/gcc/arm-zephyr-eabi/6.2.0/real-ld: warning: cannot find entry symbol _start; defaulting to 0000000000008024

Source file was:
int main(void) { return 0; }
Performing C SOURCE FILE Test check_fno_strict_overflow_C succeeded with the following output:
Change Dir: /home/swap/zephyr/samples/net/echo_server/built/CMakeFiles/CMakeTmp

Run Build Command:"/usr/bin/ninja" "cmTC_ce9e9"
[1/2] Building C object CMakeFiles/cmTC_ce9e9.dir/src.c.obj
[2/2] Linking C executable cmTC_ce9e9
/home/swap/directory/sysroots/x86_64-pokysdk-linux/usr/libexec/arm-zephyr-eabi/gcc/arm-zephyr-eabi/6.2.0/real-ld: warning: cannot find entry symbol _start; defaulting to 0000000000008024

Source file was:
int main(void) { return 0; }
Performing C SOURCE FILE Test check_Wno_pointer_sign_C succeeded with the following output:
Change Dir: /home/swap/zephyr/samples/net/echo_server/built/CMakeFiles/CMakeTmp

Run Build Command:"/usr/bin/ninja" "cmTC_4b84f"
[1/2] Building C object CMakeFiles/cmTC_4b84f.dir/src.c.obj
[2/2] Linking C executable cmTC_4b84f
/home/swap/directory/sysroots/x86_64-pokysdk-linux/usr/libexec/arm-zephyr-eabi/gcc/arm-zephyr-eabi/6.2.0/real-ld: warning: cannot find entry symbol _start; defaulting to 0000000000008024

Source file was:
int main(void) { return 0; }
Performing C SOURCE FILE Test check_Wno_unused_but_set_variable_C succeeded with the following output:
Change Dir: /home/swap/zephyr/samples/net/echo_server/built/CMakeFiles/CMakeTmp

Run Build Command:"/usr/bin/ninja" "cmTC_2a783"
[1/2] Building C object CMakeFiles/cmTC_2a783.dir/src.c.obj
[2/2] Linking C executable cmTC_2a783
/home/swap/directory/sysroots/x86_64-pokysdk-linux/usr/libexec/arm-zephyr-eabi/gcc/arm-zephyr-eabi/6.2.0/real-ld: warning: cannot find entry symbol _start; defaulting to 0000000000008024

Source file was:
int main(void) { return 0; }
Performing C SOURCE FILE Test check_fno_reorder_functions_C succeeded with the following output:
Change Dir: /home/swap/zephyr/samples/net/echo_server/built/CMakeFiles/CMakeTmp

Run Build Command:"/usr/bin/ninja" "cmTC_59759"
[1/2] Building C object CMakeFiles/cmTC_59759.dir/src.c.obj
[2/2] Linking C executable cmTC_59759
/home/swap/directory/sysroots/x86_64-pokysdk-linux/usr/libexec/arm-zephyr-eabi/gcc/arm-zephyr-eabi/6.2.0/real-ld: warning: cannot find entry symbol _start; defaulting to 0000000000008024

Source file was:
int main(void) { return 0; }
Performing C SOURCE FILE Test check_fno_defer_pop_C succeeded with the following output:
Change Dir: /home/swap/zephyr/samples/net/echo_server/built/CMakeFiles/CMakeTmp

Run Build Command:"/usr/bin/ninja" "cmTC_0af0e"
[1/2] Building C object CMakeFiles/cmTC_0af0e.dir/src.c.obj
[2/2] Linking C executable cmTC_0af0e
/home/swap/directory/sysroots/x86_64-pokysdk-linux/usr/libexec/arm-zephyr-eabi/gcc/arm-zephyr-eabi/6.2.0/real-ld: warning: cannot find entry symbol _start; defaulting to 0000000000008024

Source file was:
int main(void) { return 0; }
Performing C SOURCE FILE Test check_Werror_implicit_int_C succeeded with the following output:
Change Dir: /home/swap/zephyr/samples/net/echo_server/built/CMakeFiles/CMakeTmp

Run Build Command:"/usr/bin/ninja" "cmTC_7b405"
[1/2] Building C object CMakeFiles/cmTC_7b405.dir/src.c.obj
[2/2] Linking C executable cmTC_7b405
/home/swap/directory/sysroots/x86_64-pokysdk-linux/usr/libexec/arm-zephyr-eabi/gcc/arm-zephyr-eabi/6.2.0/real-ld: warning: cannot find entry symbol _start; defaulting to 0000000000008024

Source file was:
int main(void) { return 0; }
Performing C SOURCE FILE Test check_Wl__X succeeded with the following output:
Change Dir: /home/swap/zephyr/samples/net/echo_server/built/CMakeFiles/CMakeTmp

Run Build Command:"/usr/bin/ninja" "cmTC_d7d0d"
[1/2] Building C object CMakeFiles/cmTC_d7d0d.dir/src.c.obj
[2/2] Linking C executable cmTC_d7d0d
/home/swap/directory/sysroots/x86_64-pokysdk-linux/usr/libexec/arm-zephyr-eabi/gcc/arm-zephyr-eabi/6.2.0/real-ld: warning: cannot find entry symbol _start; defaulting to 0000000000008024

Source file was:
int main(void) { return 0; }
Performing C SOURCE FILE Test check_Wl__N succeeded with the following output:
Change Dir: /home/swap/zephyr/samples/net/echo_server/built/CMakeFiles/CMakeTmp

Run Build Command:"/usr/bin/ninja" "cmTC_76a1f"
[1/2] Building C object CMakeFiles/cmTC_76a1f.dir/src.c.obj
[2/2] Linking C executable cmTC_76a1f
/home/swap/directory/sysroots/x86_64-pokysdk-linux/usr/libexec/arm-zephyr-eabi/gcc/arm-zephyr-eabi/6.2.0/real-ld: warning: cannot find entry symbol _start; defaulting to 0000000000008024

Source file was:
int main(void) { return 0; }
Performing C SOURCE FILE Test check_Wl___gc_sections succeeded with the following output:
Change Dir: /home/swap/zephyr/samples/net/echo_server/built/CMakeFiles/CMakeTmp

Run Build Command:"/usr/bin/ninja" "cmTC_03d29"
[1/2] Building C object CMakeFiles/cmTC_03d29.dir/src.c.obj
[2/2] Linking C executable cmTC_03d29
/home/swap/directory/sysroots/x86_64-pokysdk-linux/usr/libexec/arm-zephyr-eabi/gcc/arm-zephyr-eabi/6.2.0/real-ld: warning: cannot find entry symbol _start; defaulting to 0000000000008024

Source file was:
int main(void) { return 0; }
Performing C SOURCE FILE Test check_Wl___build_id_none succeeded with the following output:
Change Dir: /home/swap/zephyr/samples/net/echo_server/built/CMakeFiles/CMakeTmp

Run Build Command:"/usr/bin/ninja" "cmTC_d4bef"
[1/2] Building C object CMakeFiles/cmTC_d4bef.dir/src.c.obj
[2/2] Linking C executable cmTC_d4bef
/home/swap/directory/sysroots/x86_64-pokysdk-linux/usr/libexec/arm-zephyr-eabi/gcc/arm-zephyr-eabi/6.2.0/real-ld: warning: cannot find entry symbol _start; defaulting to 0000000000008000

Source file was:
int main(void) { return 0; }
Performing C SOURCE FILE Test check_ffunction_sections_C succeeded with the following output:
Change Dir: /home/swap/zephyr/samples/net/echo_server/built/CMakeFiles/CMakeTmp

Run Build Command:"/usr/bin/ninja" "cmTC_5c5c8"
[1/2] Building C object CMakeFiles/cmTC_5c5c8.dir/src.c.obj
[2/2] Linking C executable cmTC_5c5c8
/home/swap/directory/sysroots/x86_64-pokysdk-linux/usr/libexec/arm-zephyr-eabi/gcc/arm-zephyr-eabi/6.2.0/real-ld: warning: cannot find entry symbol _start; defaulting to 0000000000008024

Source file was:
int main(void) { return 0; }
Performing C SOURCE FILE Test check_fdata_sections_C succeeded with the following output:
Change Dir: /home/swap/zephyr/samples/net/echo_server/built/CMakeFiles/CMakeTmp

Run Build Command:"/usr/bin/ninja" "cmTC_3758d"
[1/2] Building C object CMakeFiles/cmTC_3758d.dir/src.c.obj
[2/2] Linking C executable cmTC_3758d
/home/swap/directory/sysroots/x86_64-pokysdk-linux/usr/libexec/arm-zephyr-eabi/gcc/arm-zephyr-eabi/6.2.0/real-ld: warning: cannot find entry symbol _start; defaulting to 0000000000008024

Source file was:
int main(void) { return 0; }
Performing C SOURCE FILE Test check_Wl___print_memory_usage succeeded with the following output:
Change Dir: /home/swap/zephyr/samples/net/echo_server/built/CMakeFiles/CMakeTmp

Run Build Command:"/usr/bin/ninja" "cmTC_b8422"
[1/2] Building C object CMakeFiles/cmTC_b8422.dir/src.c.obj
[2/2] Linking C executable cmTC_b8422
Memory region         Used Size  Region Size  %age Used/home/swap/directory/sysroots/x86_64-pokysdk-linux/usr/libexec/arm-zephyr-eabi/gcc/arm-zephyr-eabi/6.2.0/real-ld: warning: cannot find entry symbol _start; defaulting to 0000000000008024


Source file was:
int main(void) { return 0; }
