The target system is: Generic -  - arm
The host system is: Linux - 4.15.0-36-generic - x86_64
Compiling the C compiler identification source file "CMakeCCompilerId.c" succeeded.
Compiler: /home/swap/directory/sysroots/x86_64-pokysdk-linux/usr/bin/arm-zephyr-eabi/arm-zephyr-eabi-gcc 
Build flags: 
Id flags: -c 

The output was:
0


Compilation of the C compiler identification source "CMakeCCompilerId.c" produced "CMakeCCompilerId.o"

The C compiler identification is GNU, found in "/home/swap/zephyr/samples/boards/nrf52/power_mgr/built/CMakeFiles/3.8.2/CompilerIdC/CMakeCCompilerId.o"

Compiling the CXX compiler identification source file "CMakeCXXCompilerId.cpp" succeeded.
Compiler: /home/swap/directory/sysroots/x86_64-pokysdk-linux/usr/bin/arm-zephyr-eabi/arm-zephyr-eabi-g++ 
Build flags: 
Id flags: -c 

The output was:
0


Compilation of the CXX compiler identification source "CMakeCXXCompilerId.cpp" produced "CMakeCXXCompilerId.o"

The CXX compiler identification is GNU, found in "/home/swap/zephyr/samples/boards/nrf52/power_mgr/built/CMakeFiles/3.8.2/CompilerIdCXX/CMakeCXXCompilerId.o"

Performing C SOURCE FILE Test toolchain_is_ok succeeded with the following output:
Change Dir: /home/swap/zephyr/samples/boards/nrf52/power_mgr/built/CMakeFiles/CMakeTmp

Run Build Command:"/usr/bin/ninja" "cmTC_d03e4"
[1/2] Building C object CMakeFiles/cmTC_d03e4.dir/src.c.obj
[2/2] Linking C executable cmTC_d03e4
/home/swap/directory/sysroots/x86_64-pokysdk-linux/usr/libexec/arm-zephyr-eabi/gcc/arm-zephyr-eabi/6.2.0/real-ld: warning: cannot find entry symbol _start; defaulting to 0000000000008024

Source file was:
int main(void) { return 0; }
Performing C SOURCE FILE Test check_nostartfiles succeeded with the following output:
Change Dir: /home/swap/zephyr/samples/boards/nrf52/power_mgr/built/CMakeFiles/CMakeTmp

Run Build Command:"/usr/bin/ninja" "cmTC_c47e5"
[1/2] Building C object CMakeFiles/cmTC_c47e5.dir/src.c.obj
[2/2] Linking C executable cmTC_c47e5
/home/swap/directory/sysroots/x86_64-pokysdk-linux/usr/libexec/arm-zephyr-eabi/gcc/arm-zephyr-eabi/6.2.0/real-ld: warning: cannot find entry symbol _start; defaulting to 0000000000008024

Source file was:
int main(void) { return 0; }
Performing C SOURCE FILE Test check_nodefaultlibs succeeded with the following output:
Change Dir: /home/swap/zephyr/samples/boards/nrf52/power_mgr/built/CMakeFiles/CMakeTmp

Run Build Command:"/usr/bin/ninja" "cmTC_a97fc"
[1/2] Building C object CMakeFiles/cmTC_a97fc.dir/src.c.obj
[2/2] Linking C executable cmTC_a97fc
/home/swap/directory/sysroots/x86_64-pokysdk-linux/usr/libexec/arm-zephyr-eabi/gcc/arm-zephyr-eabi/6.2.0/real-ld: warning: cannot find entry symbol _start; defaulting to 0000000000008024

Source file was:
int main(void) { return 0; }
Performing C SOURCE FILE Test check_nostdlib succeeded with the following output:
Change Dir: /home/swap/zephyr/samples/boards/nrf52/power_mgr/built/CMakeFiles/CMakeTmp

Run Build Command:"/usr/bin/ninja" "cmTC_58c70"
[1/2] Building C object CMakeFiles/cmTC_58c70.dir/src.c.obj
[2/2] Linking C executable cmTC_58c70
/home/swap/directory/sysroots/x86_64-pokysdk-linux/usr/libexec/arm-zephyr-eabi/gcc/arm-zephyr-eabi/6.2.0/real-ld: warning: cannot find entry symbol _start; defaulting to 0000000000008024

Source file was:
int main(void) { return 0; }
Performing C SOURCE FILE Test check_static succeeded with the following output:
Change Dir: /home/swap/zephyr/samples/boards/nrf52/power_mgr/built/CMakeFiles/CMakeTmp

Run Build Command:"/usr/bin/ninja" "cmTC_b9d50"
[1/2] Building C object CMakeFiles/cmTC_b9d50.dir/src.c.obj
[2/2] Linking C executable cmTC_b9d50
/home/swap/directory/sysroots/x86_64-pokysdk-linux/usr/libexec/arm-zephyr-eabi/gcc/arm-zephyr-eabi/6.2.0/real-ld: warning: cannot find entry symbol _start; defaulting to 0000000000008024

Source file was:
int main(void) { return 0; }
Performing C SOURCE FILE Test check_no_pie succeeded with the following output:
Change Dir: /home/swap/zephyr/samples/boards/nrf52/power_mgr/built/CMakeFiles/CMakeTmp

Run Build Command:"/usr/bin/ninja" "cmTC_4be7b"
[1/2] Building C object CMakeFiles/cmTC_4be7b.dir/src.c.obj
[2/2] Linking C executable cmTC_4be7b
/home/swap/directory/sysroots/x86_64-pokysdk-linux/usr/libexec/arm-zephyr-eabi/gcc/arm-zephyr-eabi/6.2.0/real-ld: warning: cannot find entry symbol _start; defaulting to 0000000000008024

Source file was:
int main(void) { return 0; }
Performing C SOURCE FILE Test check_fno_asynchronous_unwind_tables_C succeeded with the following output:
Change Dir: /home/swap/zephyr/samples/boards/nrf52/power_mgr/built/CMakeFiles/CMakeTmp

Run Build Command:"/usr/bin/ninja" "cmTC_8b93c"
[1/2] Building C object CMakeFiles/cmTC_8b93c.dir/src.c.obj
[2/2] Linking C executable cmTC_8b93c
/home/swap/directory/sysroots/x86_64-pokysdk-linux/usr/libexec/arm-zephyr-eabi/gcc/arm-zephyr-eabi/6.2.0/real-ld: warning: cannot find entry symbol _start; defaulting to 0000000000008024

Source file was:
int main(void) { return 0; }
Performing C SOURCE FILE Test check_fno_pie_C succeeded with the following output:
Change Dir: /home/swap/zephyr/samples/boards/nrf52/power_mgr/built/CMakeFiles/CMakeTmp

Run Build Command:"/usr/bin/ninja" "cmTC_315fe"
[1/2] Building C object CMakeFiles/cmTC_315fe.dir/src.c.obj
[2/2] Linking C executable cmTC_315fe
/home/swap/directory/sysroots/x86_64-pokysdk-linux/usr/libexec/arm-zephyr-eabi/gcc/arm-zephyr-eabi/6.2.0/real-ld: warning: cannot find entry symbol _start; defaulting to 0000000000008024

Source file was:
int main(void) { return 0; }
Performing C SOURCE FILE Test check_fno_pic_C succeeded with the following output:
Change Dir: /home/swap/zephyr/samples/boards/nrf52/power_mgr/built/CMakeFiles/CMakeTmp

Run Build Command:"/usr/bin/ninja" "cmTC_6f3f3"
[1/2] Building C object CMakeFiles/cmTC_6f3f3.dir/src.c.obj
[2/2] Linking C executable cmTC_6f3f3
/home/swap/directory/sysroots/x86_64-pokysdk-linux/usr/libexec/arm-zephyr-eabi/gcc/arm-zephyr-eabi/6.2.0/real-ld: warning: cannot find entry symbol _start; defaulting to 0000000000008024

Source file was:
int main(void) { return 0; }
Performing C SOURCE FILE Test check_fno_strict_overflow_C succeeded with the following output:
Change Dir: /home/swap/zephyr/samples/boards/nrf52/power_mgr/built/CMakeFiles/CMakeTmp

Run Build Command:"/usr/bin/ninja" "cmTC_67aeb"
[1/2] Building C object CMakeFiles/cmTC_67aeb.dir/src.c.obj
[2/2] Linking C executable cmTC_67aeb
/home/swap/directory/sysroots/x86_64-pokysdk-linux/usr/libexec/arm-zephyr-eabi/gcc/arm-zephyr-eabi/6.2.0/real-ld: warning: cannot find entry symbol _start; defaulting to 0000000000008024

Source file was:
int main(void) { return 0; }
Performing C SOURCE FILE Test check_Wno_pointer_sign_C succeeded with the following output:
Change Dir: /home/swap/zephyr/samples/boards/nrf52/power_mgr/built/CMakeFiles/CMakeTmp

Run Build Command:"/usr/bin/ninja" "cmTC_296d7"
[1/2] Building C object CMakeFiles/cmTC_296d7.dir/src.c.obj
[2/2] Linking C executable cmTC_296d7
/home/swap/directory/sysroots/x86_64-pokysdk-linux/usr/libexec/arm-zephyr-eabi/gcc/arm-zephyr-eabi/6.2.0/real-ld: warning: cannot find entry symbol _start; defaulting to 0000000000008024

Source file was:
int main(void) { return 0; }
Performing C SOURCE FILE Test check_Wno_unused_but_set_variable_C succeeded with the following output:
Change Dir: /home/swap/zephyr/samples/boards/nrf52/power_mgr/built/CMakeFiles/CMakeTmp

Run Build Command:"/usr/bin/ninja" "cmTC_68c44"
[1/2] Building C object CMakeFiles/cmTC_68c44.dir/src.c.obj
[2/2] Linking C executable cmTC_68c44
/home/swap/directory/sysroots/x86_64-pokysdk-linux/usr/libexec/arm-zephyr-eabi/gcc/arm-zephyr-eabi/6.2.0/real-ld: warning: cannot find entry symbol _start; defaulting to 0000000000008024

Source file was:
int main(void) { return 0; }
Performing C SOURCE FILE Test check_fno_reorder_functions_C succeeded with the following output:
Change Dir: /home/swap/zephyr/samples/boards/nrf52/power_mgr/built/CMakeFiles/CMakeTmp

Run Build Command:"/usr/bin/ninja" "cmTC_d999b"
[1/2] Building C object CMakeFiles/cmTC_d999b.dir/src.c.obj
[2/2] Linking C executable cmTC_d999b
/home/swap/directory/sysroots/x86_64-pokysdk-linux/usr/libexec/arm-zephyr-eabi/gcc/arm-zephyr-eabi/6.2.0/real-ld: warning: cannot find entry symbol _start; defaulting to 0000000000008024

Source file was:
int main(void) { return 0; }
Performing C SOURCE FILE Test check_fno_defer_pop_C succeeded with the following output:
Change Dir: /home/swap/zephyr/samples/boards/nrf52/power_mgr/built/CMakeFiles/CMakeTmp

Run Build Command:"/usr/bin/ninja" "cmTC_5789a"
[1/2] Building C object CMakeFiles/cmTC_5789a.dir/src.c.obj
[2/2] Linking C executable cmTC_5789a
/home/swap/directory/sysroots/x86_64-pokysdk-linux/usr/libexec/arm-zephyr-eabi/gcc/arm-zephyr-eabi/6.2.0/real-ld: warning: cannot find entry symbol _start; defaulting to 0000000000008024

Source file was:
int main(void) { return 0; }
Performing C SOURCE FILE Test check_Werror_implicit_int_C succeeded with the following output:
Change Dir: /home/swap/zephyr/samples/boards/nrf52/power_mgr/built/CMakeFiles/CMakeTmp

Run Build Command:"/usr/bin/ninja" "cmTC_de365"
[1/2] Building C object CMakeFiles/cmTC_de365.dir/src.c.obj
[2/2] Linking C executable cmTC_de365
/home/swap/directory/sysroots/x86_64-pokysdk-linux/usr/libexec/arm-zephyr-eabi/gcc/arm-zephyr-eabi/6.2.0/real-ld: warning: cannot find entry symbol _start; defaulting to 0000000000008024

Source file was:
int main(void) { return 0; }
Performing C SOURCE FILE Test check_Wl__X succeeded with the following output:
Change Dir: /home/swap/zephyr/samples/boards/nrf52/power_mgr/built/CMakeFiles/CMakeTmp

Run Build Command:"/usr/bin/ninja" "cmTC_d4b17"
[1/2] Building C object CMakeFiles/cmTC_d4b17.dir/src.c.obj
[2/2] Linking C executable cmTC_d4b17
/home/swap/directory/sysroots/x86_64-pokysdk-linux/usr/libexec/arm-zephyr-eabi/gcc/arm-zephyr-eabi/6.2.0/real-ld: warning: cannot find entry symbol _start; defaulting to 0000000000008024

Source file was:
int main(void) { return 0; }
Performing C SOURCE FILE Test check_Wl__N succeeded with the following output:
Change Dir: /home/swap/zephyr/samples/boards/nrf52/power_mgr/built/CMakeFiles/CMakeTmp

Run Build Command:"/usr/bin/ninja" "cmTC_a1063"
[1/2] Building C object CMakeFiles/cmTC_a1063.dir/src.c.obj
[2/2] Linking C executable cmTC_a1063
/home/swap/directory/sysroots/x86_64-pokysdk-linux/usr/libexec/arm-zephyr-eabi/gcc/arm-zephyr-eabi/6.2.0/real-ld: warning: cannot find entry symbol _start; defaulting to 0000000000008024

Source file was:
int main(void) { return 0; }
Performing C SOURCE FILE Test check_Wl___gc_sections succeeded with the following output:
Change Dir: /home/swap/zephyr/samples/boards/nrf52/power_mgr/built/CMakeFiles/CMakeTmp

Run Build Command:"/usr/bin/ninja" "cmTC_a3ed8"
[1/2] Building C object CMakeFiles/cmTC_a3ed8.dir/src.c.obj
[2/2] Linking C executable cmTC_a3ed8
/home/swap/directory/sysroots/x86_64-pokysdk-linux/usr/libexec/arm-zephyr-eabi/gcc/arm-zephyr-eabi/6.2.0/real-ld: warning: cannot find entry symbol _start; defaulting to 0000000000008024

Source file was:
int main(void) { return 0; }
Performing C SOURCE FILE Test check_Wl___build_id_none succeeded with the following output:
Change Dir: /home/swap/zephyr/samples/boards/nrf52/power_mgr/built/CMakeFiles/CMakeTmp

Run Build Command:"/usr/bin/ninja" "cmTC_b8d64"
[1/2] Building C object CMakeFiles/cmTC_b8d64.dir/src.c.obj
[2/2] Linking C executable cmTC_b8d64
/home/swap/directory/sysroots/x86_64-pokysdk-linux/usr/libexec/arm-zephyr-eabi/gcc/arm-zephyr-eabi/6.2.0/real-ld: warning: cannot find entry symbol _start; defaulting to 0000000000008000

Source file was:
int main(void) { return 0; }
Performing C SOURCE FILE Test check_ffunction_sections_C succeeded with the following output:
Change Dir: /home/swap/zephyr/samples/boards/nrf52/power_mgr/built/CMakeFiles/CMakeTmp

Run Build Command:"/usr/bin/ninja" "cmTC_6dc6d"
[1/2] Building C object CMakeFiles/cmTC_6dc6d.dir/src.c.obj
[2/2] Linking C executable cmTC_6dc6d
/home/swap/directory/sysroots/x86_64-pokysdk-linux/usr/libexec/arm-zephyr-eabi/gcc/arm-zephyr-eabi/6.2.0/real-ld: warning: cannot find entry symbol _start; defaulting to 0000000000008024

Source file was:
int main(void) { return 0; }
Performing C SOURCE FILE Test check_fdata_sections_C succeeded with the following output:
Change Dir: /home/swap/zephyr/samples/boards/nrf52/power_mgr/built/CMakeFiles/CMakeTmp

Run Build Command:"/usr/bin/ninja" "cmTC_7f2dc"
[1/2] Building C object CMakeFiles/cmTC_7f2dc.dir/src.c.obj
[2/2] Linking C executable cmTC_7f2dc
/home/swap/directory/sysroots/x86_64-pokysdk-linux/usr/libexec/arm-zephyr-eabi/gcc/arm-zephyr-eabi/6.2.0/real-ld: warning: cannot find entry symbol _start; defaulting to 0000000000008024

Source file was:
int main(void) { return 0; }
Performing C SOURCE FILE Test check_Wl___print_memory_usage succeeded with the following output:
Change Dir: /home/swap/zephyr/samples/boards/nrf52/power_mgr/built/CMakeFiles/CMakeTmp

Run Build Command:"/usr/bin/ninja" "cmTC_b2e24"
[1/2] Building C object CMakeFiles/cmTC_b2e24.dir/src.c.obj
[2/2] Linking C executable cmTC_b2e24
Memory region         Used Size  Region Size  %age Used/home/swap/directory/sysroots/x86_64-pokysdk-linux/usr/libexec/arm-zephyr-eabi/gcc/arm-zephyr-eabi/6.2.0/real-ld: warning: cannot find entry symbol _start; defaulting to 0000000000008024


Source file was:
int main(void) { return 0; }
