The target system is: Generic -  - arm
The host system is: Linux - 4.15.0-43-generic - x86_64
Compiling the C compiler identification source file "CMakeCCompilerId.c" succeeded.
Compiler: /home/swap/directory/sysroots/x86_64-pokysdk-linux/usr/bin/arm-zephyr-eabi/arm-zephyr-eabi-gcc 
Build flags: 
Id flags: -c 

The output was:
0


Compilation of the C compiler identification source "CMakeCCompilerId.c" produced "CMakeCCompilerId.o"

The C compiler identification is GNU, found in "/home/swap/zephyr/samples/bluetooth/beacon/build/CMakeFiles/3.8.2/CompilerIdC/CMakeCCompilerId.o"

Compiling the CXX compiler identification source file "CMakeCXXCompilerId.cpp" succeeded.
Compiler: /home/swap/directory/sysroots/x86_64-pokysdk-linux/usr/bin/arm-zephyr-eabi/arm-zephyr-eabi-g++ 
Build flags: 
Id flags: -c 

The output was:
0


Compilation of the CXX compiler identification source "CMakeCXXCompilerId.cpp" produced "CMakeCXXCompilerId.o"

The CXX compiler identification is GNU, found in "/home/swap/zephyr/samples/bluetooth/beacon/build/CMakeFiles/3.8.2/CompilerIdCXX/CMakeCXXCompilerId.o"

Performing C SOURCE FILE Test toolchain_is_ok succeeded with the following output:
Change Dir: /home/swap/zephyr/samples/bluetooth/beacon/build/CMakeFiles/CMakeTmp

Run Build Command:"/usr/bin/ninja" "cmTC_810a9"
[1/2] Building C object CMakeFiles/cmTC_810a9.dir/src.c.obj
[2/2] Linking C executable cmTC_810a9
/home/swap/directory/sysroots/x86_64-pokysdk-linux/usr/libexec/arm-zephyr-eabi/gcc/arm-zephyr-eabi/6.2.0/real-ld: warning: cannot find entry symbol _start; defaulting to 0000000000008024

Source file was:
int main(void) { return 0; }
Performing C SOURCE FILE Test check_nostartfiles succeeded with the following output:
Change Dir: /home/swap/zephyr/samples/bluetooth/beacon/build/CMakeFiles/CMakeTmp

Run Build Command:"/usr/bin/ninja" "cmTC_5a02d"
[1/2] Building C object CMakeFiles/cmTC_5a02d.dir/src.c.obj
[2/2] Linking C executable cmTC_5a02d
/home/swap/directory/sysroots/x86_64-pokysdk-linux/usr/libexec/arm-zephyr-eabi/gcc/arm-zephyr-eabi/6.2.0/real-ld: warning: cannot find entry symbol _start; defaulting to 0000000000008024

Source file was:
int main(void) { return 0; }
Performing C SOURCE FILE Test check_nodefaultlibs succeeded with the following output:
Change Dir: /home/swap/zephyr/samples/bluetooth/beacon/build/CMakeFiles/CMakeTmp

Run Build Command:"/usr/bin/ninja" "cmTC_5a12c"
[1/2] Building C object CMakeFiles/cmTC_5a12c.dir/src.c.obj
[2/2] Linking C executable cmTC_5a12c
/home/swap/directory/sysroots/x86_64-pokysdk-linux/usr/libexec/arm-zephyr-eabi/gcc/arm-zephyr-eabi/6.2.0/real-ld: warning: cannot find entry symbol _start; defaulting to 0000000000008024

Source file was:
int main(void) { return 0; }
Performing C SOURCE FILE Test check_nostdlib succeeded with the following output:
Change Dir: /home/swap/zephyr/samples/bluetooth/beacon/build/CMakeFiles/CMakeTmp

Run Build Command:"/usr/bin/ninja" "cmTC_8774f"
[1/2] Building C object CMakeFiles/cmTC_8774f.dir/src.c.obj
[2/2] Linking C executable cmTC_8774f
/home/swap/directory/sysroots/x86_64-pokysdk-linux/usr/libexec/arm-zephyr-eabi/gcc/arm-zephyr-eabi/6.2.0/real-ld: warning: cannot find entry symbol _start; defaulting to 0000000000008024

Source file was:
int main(void) { return 0; }
Performing C SOURCE FILE Test check_static succeeded with the following output:
Change Dir: /home/swap/zephyr/samples/bluetooth/beacon/build/CMakeFiles/CMakeTmp

Run Build Command:"/usr/bin/ninja" "cmTC_ae618"
[1/2] Building C object CMakeFiles/cmTC_ae618.dir/src.c.obj
[2/2] Linking C executable cmTC_ae618
/home/swap/directory/sysroots/x86_64-pokysdk-linux/usr/libexec/arm-zephyr-eabi/gcc/arm-zephyr-eabi/6.2.0/real-ld: warning: cannot find entry symbol _start; defaulting to 0000000000008024

Source file was:
int main(void) { return 0; }
Performing C SOURCE FILE Test check_no_pie succeeded with the following output:
Change Dir: /home/swap/zephyr/samples/bluetooth/beacon/build/CMakeFiles/CMakeTmp

Run Build Command:"/usr/bin/ninja" "cmTC_74271"
[1/2] Building C object CMakeFiles/cmTC_74271.dir/src.c.obj
[2/2] Linking C executable cmTC_74271
/home/swap/directory/sysroots/x86_64-pokysdk-linux/usr/libexec/arm-zephyr-eabi/gcc/arm-zephyr-eabi/6.2.0/real-ld: warning: cannot find entry symbol _start; defaulting to 0000000000008024

Source file was:
int main(void) { return 0; }
Performing C SOURCE FILE Test check_fno_asynchronous_unwind_tables_C succeeded with the following output:
Change Dir: /home/swap/zephyr/samples/bluetooth/beacon/build/CMakeFiles/CMakeTmp

Run Build Command:"/usr/bin/ninja" "cmTC_08e2e"
[1/2] Building C object CMakeFiles/cmTC_08e2e.dir/src.c.obj
[2/2] Linking C executable cmTC_08e2e
/home/swap/directory/sysroots/x86_64-pokysdk-linux/usr/libexec/arm-zephyr-eabi/gcc/arm-zephyr-eabi/6.2.0/real-ld: warning: cannot find entry symbol _start; defaulting to 0000000000008024

Source file was:
int main(void) { return 0; }
Performing C SOURCE FILE Test check_fno_pie_C succeeded with the following output:
Change Dir: /home/swap/zephyr/samples/bluetooth/beacon/build/CMakeFiles/CMakeTmp

Run Build Command:"/usr/bin/ninja" "cmTC_fde16"
[1/2] Building C object CMakeFiles/cmTC_fde16.dir/src.c.obj
[2/2] Linking C executable cmTC_fde16
/home/swap/directory/sysroots/x86_64-pokysdk-linux/usr/libexec/arm-zephyr-eabi/gcc/arm-zephyr-eabi/6.2.0/real-ld: warning: cannot find entry symbol _start; defaulting to 0000000000008024

Source file was:
int main(void) { return 0; }
Performing C SOURCE FILE Test check_fno_pic_C succeeded with the following output:
Change Dir: /home/swap/zephyr/samples/bluetooth/beacon/build/CMakeFiles/CMakeTmp

Run Build Command:"/usr/bin/ninja" "cmTC_b4752"
[1/2] Building C object CMakeFiles/cmTC_b4752.dir/src.c.obj
[2/2] Linking C executable cmTC_b4752
/home/swap/directory/sysroots/x86_64-pokysdk-linux/usr/libexec/arm-zephyr-eabi/gcc/arm-zephyr-eabi/6.2.0/real-ld: warning: cannot find entry symbol _start; defaulting to 0000000000008024

Source file was:
int main(void) { return 0; }
Performing C SOURCE FILE Test check_fno_strict_overflow_C succeeded with the following output:
Change Dir: /home/swap/zephyr/samples/bluetooth/beacon/build/CMakeFiles/CMakeTmp

Run Build Command:"/usr/bin/ninja" "cmTC_5b8ed"
[1/2] Building C object CMakeFiles/cmTC_5b8ed.dir/src.c.obj
[2/2] Linking C executable cmTC_5b8ed
/home/swap/directory/sysroots/x86_64-pokysdk-linux/usr/libexec/arm-zephyr-eabi/gcc/arm-zephyr-eabi/6.2.0/real-ld: warning: cannot find entry symbol _start; defaulting to 0000000000008024

Source file was:
int main(void) { return 0; }
Performing C SOURCE FILE Test check_Wno_pointer_sign_C succeeded with the following output:
Change Dir: /home/swap/zephyr/samples/bluetooth/beacon/build/CMakeFiles/CMakeTmp

Run Build Command:"/usr/bin/ninja" "cmTC_bf134"
[1/2] Building C object CMakeFiles/cmTC_bf134.dir/src.c.obj
[2/2] Linking C executable cmTC_bf134
/home/swap/directory/sysroots/x86_64-pokysdk-linux/usr/libexec/arm-zephyr-eabi/gcc/arm-zephyr-eabi/6.2.0/real-ld: warning: cannot find entry symbol _start; defaulting to 0000000000008024

Source file was:
int main(void) { return 0; }
Performing C SOURCE FILE Test check_Wno_unused_but_set_variable_C succeeded with the following output:
Change Dir: /home/swap/zephyr/samples/bluetooth/beacon/build/CMakeFiles/CMakeTmp

Run Build Command:"/usr/bin/ninja" "cmTC_cd3f9"
[1/2] Building C object CMakeFiles/cmTC_cd3f9.dir/src.c.obj
[2/2] Linking C executable cmTC_cd3f9
/home/swap/directory/sysroots/x86_64-pokysdk-linux/usr/libexec/arm-zephyr-eabi/gcc/arm-zephyr-eabi/6.2.0/real-ld: warning: cannot find entry symbol _start; defaulting to 0000000000008024

Source file was:
int main(void) { return 0; }
Performing C SOURCE FILE Test check_fno_reorder_functions_C succeeded with the following output:
Change Dir: /home/swap/zephyr/samples/bluetooth/beacon/build/CMakeFiles/CMakeTmp

Run Build Command:"/usr/bin/ninja" "cmTC_87905"
[1/2] Building C object CMakeFiles/cmTC_87905.dir/src.c.obj
[2/2] Linking C executable cmTC_87905
/home/swap/directory/sysroots/x86_64-pokysdk-linux/usr/libexec/arm-zephyr-eabi/gcc/arm-zephyr-eabi/6.2.0/real-ld: warning: cannot find entry symbol _start; defaulting to 0000000000008024

Source file was:
int main(void) { return 0; }
Performing C SOURCE FILE Test check_fno_defer_pop_C succeeded with the following output:
Change Dir: /home/swap/zephyr/samples/bluetooth/beacon/build/CMakeFiles/CMakeTmp

Run Build Command:"/usr/bin/ninja" "cmTC_fe3d4"
[1/2] Building C object CMakeFiles/cmTC_fe3d4.dir/src.c.obj
[2/2] Linking C executable cmTC_fe3d4
/home/swap/directory/sysroots/x86_64-pokysdk-linux/usr/libexec/arm-zephyr-eabi/gcc/arm-zephyr-eabi/6.2.0/real-ld: warning: cannot find entry symbol _start; defaulting to 0000000000008024

Source file was:
int main(void) { return 0; }
Performing C SOURCE FILE Test check_Werror_implicit_int_C succeeded with the following output:
Change Dir: /home/swap/zephyr/samples/bluetooth/beacon/build/CMakeFiles/CMakeTmp

Run Build Command:"/usr/bin/ninja" "cmTC_60d87"
[1/2] Building C object CMakeFiles/cmTC_60d87.dir/src.c.obj
[2/2] Linking C executable cmTC_60d87
/home/swap/directory/sysroots/x86_64-pokysdk-linux/usr/libexec/arm-zephyr-eabi/gcc/arm-zephyr-eabi/6.2.0/real-ld: warning: cannot find entry symbol _start; defaulting to 0000000000008024

Source file was:
int main(void) { return 0; }
Performing C SOURCE FILE Test check_Wl__X succeeded with the following output:
Change Dir: /home/swap/zephyr/samples/bluetooth/beacon/build/CMakeFiles/CMakeTmp

Run Build Command:"/usr/bin/ninja" "cmTC_c1813"
[1/2] Building C object CMakeFiles/cmTC_c1813.dir/src.c.obj
[2/2] Linking C executable cmTC_c1813
/home/swap/directory/sysroots/x86_64-pokysdk-linux/usr/libexec/arm-zephyr-eabi/gcc/arm-zephyr-eabi/6.2.0/real-ld: warning: cannot find entry symbol _start; defaulting to 0000000000008024

Source file was:
int main(void) { return 0; }
Performing C SOURCE FILE Test check_Wl__N succeeded with the following output:
Change Dir: /home/swap/zephyr/samples/bluetooth/beacon/build/CMakeFiles/CMakeTmp

Run Build Command:"/usr/bin/ninja" "cmTC_9bd4f"
[1/2] Building C object CMakeFiles/cmTC_9bd4f.dir/src.c.obj
[2/2] Linking C executable cmTC_9bd4f
/home/swap/directory/sysroots/x86_64-pokysdk-linux/usr/libexec/arm-zephyr-eabi/gcc/arm-zephyr-eabi/6.2.0/real-ld: warning: cannot find entry symbol _start; defaulting to 0000000000008024

Source file was:
int main(void) { return 0; }
Performing C SOURCE FILE Test check_Wl___gc_sections succeeded with the following output:
Change Dir: /home/swap/zephyr/samples/bluetooth/beacon/build/CMakeFiles/CMakeTmp

Run Build Command:"/usr/bin/ninja" "cmTC_9f23f"
[1/2] Building C object CMakeFiles/cmTC_9f23f.dir/src.c.obj
[2/2] Linking C executable cmTC_9f23f
/home/swap/directory/sysroots/x86_64-pokysdk-linux/usr/libexec/arm-zephyr-eabi/gcc/arm-zephyr-eabi/6.2.0/real-ld: warning: cannot find entry symbol _start; defaulting to 0000000000008024

Source file was:
int main(void) { return 0; }
Performing C SOURCE FILE Test check_Wl___build_id_none succeeded with the following output:
Change Dir: /home/swap/zephyr/samples/bluetooth/beacon/build/CMakeFiles/CMakeTmp

Run Build Command:"/usr/bin/ninja" "cmTC_8ebf1"
[1/2] Building C object CMakeFiles/cmTC_8ebf1.dir/src.c.obj
[2/2] Linking C executable cmTC_8ebf1
/home/swap/directory/sysroots/x86_64-pokysdk-linux/usr/libexec/arm-zephyr-eabi/gcc/arm-zephyr-eabi/6.2.0/real-ld: warning: cannot find entry symbol _start; defaulting to 0000000000008000

Source file was:
int main(void) { return 0; }
Performing C SOURCE FILE Test check_ffunction_sections_C succeeded with the following output:
Change Dir: /home/swap/zephyr/samples/bluetooth/beacon/build/CMakeFiles/CMakeTmp

Run Build Command:"/usr/bin/ninja" "cmTC_d5c03"
[1/2] Building C object CMakeFiles/cmTC_d5c03.dir/src.c.obj
[2/2] Linking C executable cmTC_d5c03
/home/swap/directory/sysroots/x86_64-pokysdk-linux/usr/libexec/arm-zephyr-eabi/gcc/arm-zephyr-eabi/6.2.0/real-ld: warning: cannot find entry symbol _start; defaulting to 0000000000008024

Source file was:
int main(void) { return 0; }
Performing C SOURCE FILE Test check_fdata_sections_C succeeded with the following output:
Change Dir: /home/swap/zephyr/samples/bluetooth/beacon/build/CMakeFiles/CMakeTmp

Run Build Command:"/usr/bin/ninja" "cmTC_34ee4"
[1/2] Building C object CMakeFiles/cmTC_34ee4.dir/src.c.obj
[2/2] Linking C executable cmTC_34ee4
/home/swap/directory/sysroots/x86_64-pokysdk-linux/usr/libexec/arm-zephyr-eabi/gcc/arm-zephyr-eabi/6.2.0/real-ld: warning: cannot find entry symbol _start; defaulting to 0000000000008024

Source file was:
int main(void) { return 0; }
Performing C SOURCE FILE Test check_Wl___print_memory_usage succeeded with the following output:
Change Dir: /home/swap/zephyr/samples/bluetooth/beacon/build/CMakeFiles/CMakeTmp

Run Build Command:"/usr/bin/ninja" "cmTC_047ef"
[1/2] Building C object CMakeFiles/cmTC_047ef.dir/src.c.obj
[2/2] Linking C executable cmTC_047ef
Memory region         Used Size  Region Size  %age Used/home/swap/directory/sysroots/x86_64-pokysdk-linux/usr/libexec/arm-zephyr-eabi/gcc/arm-zephyr-eabi/6.2.0/real-ld: warning: cannot find entry symbol _start; defaulting to 0000000000008024


Source file was:
int main(void) { return 0; }
The system is: Linux - 4.15.0-43-generic - x86_64
Compiling the C compiler identification source file "CMakeCCompilerId.c" succeeded.
Compiler: /home/swap/directory/sysroots/x86_64-pokysdk-linux/usr/bin/arm-zephyr-eabi/arm-zephyr-eabi-gcc 
Build flags: 
Id flags: -c

The output was:
0


Compilation of the C compiler identification source "CMakeCCompilerId.c" produced "CMakeCCompilerId.o"

The C compiler identification is GNU, found in "/home/swap/zephyr/samples/bluetooth/beacon/build/CMakeFiles/3.5.1/CompilerIdC/CMakeCCompilerId.o"

Compiling the CXX compiler identification source file "CMakeCXXCompilerId.cpp" succeeded.
Compiler: /home/swap/directory/sysroots/x86_64-pokysdk-linux/usr/bin/arm-zephyr-eabi/arm-zephyr-eabi-g++ 
Build flags: 
Id flags: -c

The output was:
0


Compilation of the CXX compiler identification source "CMakeCXXCompilerId.cpp" produced "CMakeCXXCompilerId.o"

The CXX compiler identification is GNU, found in "/home/swap/zephyr/samples/bluetooth/beacon/build/CMakeFiles/3.5.1/CompilerIdCXX/CMakeCXXCompilerId.o"

