The target system is: Generic -  - arm
The host system is: Linux - 4.13.0-37-generic - x86_64
Compiling the C compiler identification source file "CMakeCCompilerId.c" succeeded.
Compiler: /home/swap/directory/sysroots/x86_64-pokysdk-linux/usr/bin/arm-zephyr-eabi/arm-zephyr-eabi-gcc 
Build flags: 
Id flags: -c 

The output was:
0


Compilation of the C compiler identification source "CMakeCCompilerId.c" produced "CMakeCCompilerId.o"

The C compiler identification is GNU, found in "/home/swap/zephyr/samples/bluetooth/peripheral_hr/built/CMakeFiles/3.8.2/CompilerIdC/CMakeCCompilerId.o"

Compiling the CXX compiler identification source file "CMakeCXXCompilerId.cpp" succeeded.
Compiler: /home/swap/directory/sysroots/x86_64-pokysdk-linux/usr/bin/arm-zephyr-eabi/arm-zephyr-eabi-g++ 
Build flags: 
Id flags: -c 

The output was:
0


Compilation of the CXX compiler identification source "CMakeCXXCompilerId.cpp" produced "CMakeCXXCompilerId.o"

The CXX compiler identification is GNU, found in "/home/swap/zephyr/samples/bluetooth/peripheral_hr/built/CMakeFiles/3.8.2/CompilerIdCXX/CMakeCXXCompilerId.o"

Performing C SOURCE FILE Test toolchain_is_ok succeeded with the following output:
Change Dir: /home/swap/zephyr/samples/bluetooth/peripheral_hr/built/CMakeFiles/CMakeTmp

Run Build Command:"/usr/bin/ninja" "cmTC_005b5"
[1/2] Building C object CMakeFiles/cmTC_005b5.dir/src.c.obj
[2/2] Linking C executable cmTC_005b5
/home/swap/directory/sysroots/x86_64-pokysdk-linux/usr/libexec/arm-zephyr-eabi/gcc/arm-zephyr-eabi/6.2.0/real-ld: warning: cannot find entry symbol _start; defaulting to 0000000000008024

Source file was:
int main(void) { return 0; }
Performing C SOURCE FILE Test check_nostartfiles succeeded with the following output:
Change Dir: /home/swap/zephyr/samples/bluetooth/peripheral_hr/built/CMakeFiles/CMakeTmp

Run Build Command:"/usr/bin/ninja" "cmTC_3f3d7"
[1/2] Building C object CMakeFiles/cmTC_3f3d7.dir/src.c.obj
[2/2] Linking C executable cmTC_3f3d7
/home/swap/directory/sysroots/x86_64-pokysdk-linux/usr/libexec/arm-zephyr-eabi/gcc/arm-zephyr-eabi/6.2.0/real-ld: warning: cannot find entry symbol _start; defaulting to 0000000000008024

Source file was:
int main(void) { return 0; }
Performing C SOURCE FILE Test check_nodefaultlibs succeeded with the following output:
Change Dir: /home/swap/zephyr/samples/bluetooth/peripheral_hr/built/CMakeFiles/CMakeTmp

Run Build Command:"/usr/bin/ninja" "cmTC_46d5d"
[1/2] Building C object CMakeFiles/cmTC_46d5d.dir/src.c.obj
[2/2] Linking C executable cmTC_46d5d
/home/swap/directory/sysroots/x86_64-pokysdk-linux/usr/libexec/arm-zephyr-eabi/gcc/arm-zephyr-eabi/6.2.0/real-ld: warning: cannot find entry symbol _start; defaulting to 0000000000008024

Source file was:
int main(void) { return 0; }
Performing C SOURCE FILE Test check_nostdlib succeeded with the following output:
Change Dir: /home/swap/zephyr/samples/bluetooth/peripheral_hr/built/CMakeFiles/CMakeTmp

Run Build Command:"/usr/bin/ninja" "cmTC_f661d"
[1/2] Building C object CMakeFiles/cmTC_f661d.dir/src.c.obj
[2/2] Linking C executable cmTC_f661d
/home/swap/directory/sysroots/x86_64-pokysdk-linux/usr/libexec/arm-zephyr-eabi/gcc/arm-zephyr-eabi/6.2.0/real-ld: warning: cannot find entry symbol _start; defaulting to 0000000000008024

Source file was:
int main(void) { return 0; }
Performing C SOURCE FILE Test check_static succeeded with the following output:
Change Dir: /home/swap/zephyr/samples/bluetooth/peripheral_hr/built/CMakeFiles/CMakeTmp

Run Build Command:"/usr/bin/ninja" "cmTC_692bf"
[1/2] Building C object CMakeFiles/cmTC_692bf.dir/src.c.obj
[2/2] Linking C executable cmTC_692bf
/home/swap/directory/sysroots/x86_64-pokysdk-linux/usr/libexec/arm-zephyr-eabi/gcc/arm-zephyr-eabi/6.2.0/real-ld: warning: cannot find entry symbol _start; defaulting to 0000000000008024

Source file was:
int main(void) { return 0; }
Performing C SOURCE FILE Test check_no_pie succeeded with the following output:
Change Dir: /home/swap/zephyr/samples/bluetooth/peripheral_hr/built/CMakeFiles/CMakeTmp

Run Build Command:"/usr/bin/ninja" "cmTC_5fc0b"
[1/2] Building C object CMakeFiles/cmTC_5fc0b.dir/src.c.obj
[2/2] Linking C executable cmTC_5fc0b
/home/swap/directory/sysroots/x86_64-pokysdk-linux/usr/libexec/arm-zephyr-eabi/gcc/arm-zephyr-eabi/6.2.0/real-ld: warning: cannot find entry symbol _start; defaulting to 0000000000008024

Source file was:
int main(void) { return 0; }
Performing C SOURCE FILE Test check_fno_asynchronous_unwind_tables_C succeeded with the following output:
Change Dir: /home/swap/zephyr/samples/bluetooth/peripheral_hr/built/CMakeFiles/CMakeTmp

Run Build Command:"/usr/bin/ninja" "cmTC_799e4"
[1/2] Building C object CMakeFiles/cmTC_799e4.dir/src.c.obj
[2/2] Linking C executable cmTC_799e4
/home/swap/directory/sysroots/x86_64-pokysdk-linux/usr/libexec/arm-zephyr-eabi/gcc/arm-zephyr-eabi/6.2.0/real-ld: warning: cannot find entry symbol _start; defaulting to 0000000000008024

Source file was:
int main(void) { return 0; }
Performing C SOURCE FILE Test check_fno_pie_C succeeded with the following output:
Change Dir: /home/swap/zephyr/samples/bluetooth/peripheral_hr/built/CMakeFiles/CMakeTmp

Run Build Command:"/usr/bin/ninja" "cmTC_1e46c"
[1/2] Building C object CMakeFiles/cmTC_1e46c.dir/src.c.obj
[2/2] Linking C executable cmTC_1e46c
/home/swap/directory/sysroots/x86_64-pokysdk-linux/usr/libexec/arm-zephyr-eabi/gcc/arm-zephyr-eabi/6.2.0/real-ld: warning: cannot find entry symbol _start; defaulting to 0000000000008024

Source file was:
int main(void) { return 0; }
Performing C SOURCE FILE Test check_fno_pic_C succeeded with the following output:
Change Dir: /home/swap/zephyr/samples/bluetooth/peripheral_hr/built/CMakeFiles/CMakeTmp

Run Build Command:"/usr/bin/ninja" "cmTC_09d4d"
[1/2] Building C object CMakeFiles/cmTC_09d4d.dir/src.c.obj
[2/2] Linking C executable cmTC_09d4d
/home/swap/directory/sysroots/x86_64-pokysdk-linux/usr/libexec/arm-zephyr-eabi/gcc/arm-zephyr-eabi/6.2.0/real-ld: warning: cannot find entry symbol _start; defaulting to 0000000000008024

Source file was:
int main(void) { return 0; }
Performing C SOURCE FILE Test check_fno_strict_overflow_C succeeded with the following output:
Change Dir: /home/swap/zephyr/samples/bluetooth/peripheral_hr/built/CMakeFiles/CMakeTmp

Run Build Command:"/usr/bin/ninja" "cmTC_8cfec"
[1/2] Building C object CMakeFiles/cmTC_8cfec.dir/src.c.obj
[2/2] Linking C executable cmTC_8cfec
/home/swap/directory/sysroots/x86_64-pokysdk-linux/usr/libexec/arm-zephyr-eabi/gcc/arm-zephyr-eabi/6.2.0/real-ld: warning: cannot find entry symbol _start; defaulting to 0000000000008024

Source file was:
int main(void) { return 0; }
Performing C SOURCE FILE Test check_Wno_pointer_sign_C succeeded with the following output:
Change Dir: /home/swap/zephyr/samples/bluetooth/peripheral_hr/built/CMakeFiles/CMakeTmp

Run Build Command:"/usr/bin/ninja" "cmTC_a2e31"
[1/2] Building C object CMakeFiles/cmTC_a2e31.dir/src.c.obj
[2/2] Linking C executable cmTC_a2e31
/home/swap/directory/sysroots/x86_64-pokysdk-linux/usr/libexec/arm-zephyr-eabi/gcc/arm-zephyr-eabi/6.2.0/real-ld: warning: cannot find entry symbol _start; defaulting to 0000000000008024

Source file was:
int main(void) { return 0; }
Performing C SOURCE FILE Test check_Wno_unused_but_set_variable_C succeeded with the following output:
Change Dir: /home/swap/zephyr/samples/bluetooth/peripheral_hr/built/CMakeFiles/CMakeTmp

Run Build Command:"/usr/bin/ninja" "cmTC_e7e5e"
[1/2] Building C object CMakeFiles/cmTC_e7e5e.dir/src.c.obj
[2/2] Linking C executable cmTC_e7e5e
/home/swap/directory/sysroots/x86_64-pokysdk-linux/usr/libexec/arm-zephyr-eabi/gcc/arm-zephyr-eabi/6.2.0/real-ld: warning: cannot find entry symbol _start; defaulting to 0000000000008024

Source file was:
int main(void) { return 0; }
Performing C SOURCE FILE Test check_fno_reorder_functions_C succeeded with the following output:
Change Dir: /home/swap/zephyr/samples/bluetooth/peripheral_hr/built/CMakeFiles/CMakeTmp

Run Build Command:"/usr/bin/ninja" "cmTC_05d51"
[1/2] Building C object CMakeFiles/cmTC_05d51.dir/src.c.obj
[2/2] Linking C executable cmTC_05d51
/home/swap/directory/sysroots/x86_64-pokysdk-linux/usr/libexec/arm-zephyr-eabi/gcc/arm-zephyr-eabi/6.2.0/real-ld: warning: cannot find entry symbol _start; defaulting to 0000000000008024

Source file was:
int main(void) { return 0; }
Performing C SOURCE FILE Test check_fno_defer_pop_C succeeded with the following output:
Change Dir: /home/swap/zephyr/samples/bluetooth/peripheral_hr/built/CMakeFiles/CMakeTmp

Run Build Command:"/usr/bin/ninja" "cmTC_99074"
[1/2] Building C object CMakeFiles/cmTC_99074.dir/src.c.obj
[2/2] Linking C executable cmTC_99074
/home/swap/directory/sysroots/x86_64-pokysdk-linux/usr/libexec/arm-zephyr-eabi/gcc/arm-zephyr-eabi/6.2.0/real-ld: warning: cannot find entry symbol _start; defaulting to 0000000000008024

Source file was:
int main(void) { return 0; }
Performing C SOURCE FILE Test check_Werror_implicit_int_C succeeded with the following output:
Change Dir: /home/swap/zephyr/samples/bluetooth/peripheral_hr/built/CMakeFiles/CMakeTmp

Run Build Command:"/usr/bin/ninja" "cmTC_42fc2"
[1/2] Building C object CMakeFiles/cmTC_42fc2.dir/src.c.obj
[2/2] Linking C executable cmTC_42fc2
/home/swap/directory/sysroots/x86_64-pokysdk-linux/usr/libexec/arm-zephyr-eabi/gcc/arm-zephyr-eabi/6.2.0/real-ld: warning: cannot find entry symbol _start; defaulting to 0000000000008024

Source file was:
int main(void) { return 0; }
Performing C SOURCE FILE Test check_Wl__X succeeded with the following output:
Change Dir: /home/swap/zephyr/samples/bluetooth/peripheral_hr/built/CMakeFiles/CMakeTmp

Run Build Command:"/usr/bin/ninja" "cmTC_4118e"
[1/2] Building C object CMakeFiles/cmTC_4118e.dir/src.c.obj
[2/2] Linking C executable cmTC_4118e
/home/swap/directory/sysroots/x86_64-pokysdk-linux/usr/libexec/arm-zephyr-eabi/gcc/arm-zephyr-eabi/6.2.0/real-ld: warning: cannot find entry symbol _start; defaulting to 0000000000008024

Source file was:
int main(void) { return 0; }
Performing C SOURCE FILE Test check_Wl__N succeeded with the following output:
Change Dir: /home/swap/zephyr/samples/bluetooth/peripheral_hr/built/CMakeFiles/CMakeTmp

Run Build Command:"/usr/bin/ninja" "cmTC_85277"
[1/2] Building C object CMakeFiles/cmTC_85277.dir/src.c.obj
[2/2] Linking C executable cmTC_85277
/home/swap/directory/sysroots/x86_64-pokysdk-linux/usr/libexec/arm-zephyr-eabi/gcc/arm-zephyr-eabi/6.2.0/real-ld: warning: cannot find entry symbol _start; defaulting to 0000000000008024

Source file was:
int main(void) { return 0; }
Performing C SOURCE FILE Test check_Wl___gc_sections succeeded with the following output:
Change Dir: /home/swap/zephyr/samples/bluetooth/peripheral_hr/built/CMakeFiles/CMakeTmp

Run Build Command:"/usr/bin/ninja" "cmTC_af328"
[1/2] Building C object CMakeFiles/cmTC_af328.dir/src.c.obj
[2/2] Linking C executable cmTC_af328
/home/swap/directory/sysroots/x86_64-pokysdk-linux/usr/libexec/arm-zephyr-eabi/gcc/arm-zephyr-eabi/6.2.0/real-ld: warning: cannot find entry symbol _start; defaulting to 0000000000008024

Source file was:
int main(void) { return 0; }
Performing C SOURCE FILE Test check_Wl___build_id_none succeeded with the following output:
Change Dir: /home/swap/zephyr/samples/bluetooth/peripheral_hr/built/CMakeFiles/CMakeTmp

Run Build Command:"/usr/bin/ninja" "cmTC_b2ca9"
[1/2] Building C object CMakeFiles/cmTC_b2ca9.dir/src.c.obj
[2/2] Linking C executable cmTC_b2ca9
/home/swap/directory/sysroots/x86_64-pokysdk-linux/usr/libexec/arm-zephyr-eabi/gcc/arm-zephyr-eabi/6.2.0/real-ld: warning: cannot find entry symbol _start; defaulting to 0000000000008000

Source file was:
int main(void) { return 0; }
Performing C SOURCE FILE Test check_ffunction_sections_C succeeded with the following output:
Change Dir: /home/swap/zephyr/samples/bluetooth/peripheral_hr/built/CMakeFiles/CMakeTmp

Run Build Command:"/usr/bin/ninja" "cmTC_4534d"
[1/2] Building C object CMakeFiles/cmTC_4534d.dir/src.c.obj
[2/2] Linking C executable cmTC_4534d
/home/swap/directory/sysroots/x86_64-pokysdk-linux/usr/libexec/arm-zephyr-eabi/gcc/arm-zephyr-eabi/6.2.0/real-ld: warning: cannot find entry symbol _start; defaulting to 0000000000008024

Source file was:
int main(void) { return 0; }
Performing C SOURCE FILE Test check_fdata_sections_C succeeded with the following output:
Change Dir: /home/swap/zephyr/samples/bluetooth/peripheral_hr/built/CMakeFiles/CMakeTmp

Run Build Command:"/usr/bin/ninja" "cmTC_9e952"
[1/2] Building C object CMakeFiles/cmTC_9e952.dir/src.c.obj
[2/2] Linking C executable cmTC_9e952
/home/swap/directory/sysroots/x86_64-pokysdk-linux/usr/libexec/arm-zephyr-eabi/gcc/arm-zephyr-eabi/6.2.0/real-ld: warning: cannot find entry symbol _start; defaulting to 0000000000008024

Source file was:
int main(void) { return 0; }
Performing C SOURCE FILE Test check_Wl___print_memory_usage succeeded with the following output:
Change Dir: /home/swap/zephyr/samples/bluetooth/peripheral_hr/built/CMakeFiles/CMakeTmp

Run Build Command:"/usr/bin/ninja" "cmTC_e2275"
[1/2] Building C object CMakeFiles/cmTC_e2275.dir/src.c.obj
[2/2] Linking C executable cmTC_e2275
Memory region         Used Size  Region Size  %age Used/home/swap/directory/sysroots/x86_64-pokysdk-linux/usr/libexec/arm-zephyr-eabi/gcc/arm-zephyr-eabi/6.2.0/real-ld: warning: cannot find entry symbol _start; defaulting to 0000000000008024


Source file was:
int main(void) { return 0; }
