The target system is: Generic -  - arm
The host system is: Linux - 4.13.0-37-generic - x86_64
Compiling the C compiler identification source file "CMakeCCompilerId.c" succeeded.
Compiler: /home/swap/gcc-arm-none-eabi-7-2017-q4-major/bin/arm-none-eabi-gcc 
Build flags: 
Id flags: -c 

The output was:
0


Compilation of the C compiler identification source "CMakeCCompilerId.c" produced "CMakeCCompilerId.o"

The C compiler identification is GNU, found in "/home/swap/zephyr/samples/bluetooth/copy_of_beacon/CMakeFiles/3.8.2/CompilerIdC/CMakeCCompilerId.o"

Compiling the CXX compiler identification source file "CMakeCXXCompilerId.cpp" succeeded.
Compiler: /home/swap/gcc-arm-none-eabi-7-2017-q4-major/bin/arm-none-eabi-g++ 
Build flags: 
Id flags: -c 

The output was:
0


Compilation of the CXX compiler identification source "CMakeCXXCompilerId.cpp" produced "CMakeCXXCompilerId.o"

The CXX compiler identification is GNU, found in "/home/swap/zephyr/samples/bluetooth/copy_of_beacon/CMakeFiles/3.8.2/CompilerIdCXX/CMakeCXXCompilerId.o"

Performing C SOURCE FILE Test toolchain_is_ok succeeded with the following output:
Change Dir: /home/swap/zephyr/samples/bluetooth/copy_of_beacon/CMakeFiles/CMakeTmp

Run Build Command:"/usr/bin/ninja" "cmTC_f2f17"
[1/2] Building C object CMakeFiles/cmTC_f2f17.dir/src.c.obj
[2/2] Linking C executable cmTC_f2f17
/home/swap/gcc-arm-none-eabi-7-2017-q4-major/bin/../lib/gcc/arm-none-eabi/7.2.1/../../../../arm-none-eabi/bin/ld: warning: cannot find entry symbol _start; defaulting to 0000000000008000

Source file was:
int main(void) { return 0; }
Performing C SOURCE FILE Test check_nostartfiles succeeded with the following output:
Change Dir: /home/swap/zephyr/samples/bluetooth/copy_of_beacon/CMakeFiles/CMakeTmp

Run Build Command:"/usr/bin/ninja" "cmTC_b2aec"
[1/2] Building C object CMakeFiles/cmTC_b2aec.dir/src.c.obj
[2/2] Linking C executable cmTC_b2aec
/home/swap/gcc-arm-none-eabi-7-2017-q4-major/bin/../lib/gcc/arm-none-eabi/7.2.1/../../../../arm-none-eabi/bin/ld: warning: cannot find entry symbol _start; defaulting to 0000000000008000

Source file was:
int main(void) { return 0; }
Performing C SOURCE FILE Test check_nodefaultlibs succeeded with the following output:
Change Dir: /home/swap/zephyr/samples/bluetooth/copy_of_beacon/CMakeFiles/CMakeTmp

Run Build Command:"/usr/bin/ninja" "cmTC_1d225"
[1/2] Building C object CMakeFiles/cmTC_1d225.dir/src.c.obj
[2/2] Linking C executable cmTC_1d225
/home/swap/gcc-arm-none-eabi-7-2017-q4-major/bin/../lib/gcc/arm-none-eabi/7.2.1/../../../../arm-none-eabi/bin/ld: warning: cannot find entry symbol _start; defaulting to 0000000000008000

Source file was:
int main(void) { return 0; }
Performing C SOURCE FILE Test check_nostdlib succeeded with the following output:
Change Dir: /home/swap/zephyr/samples/bluetooth/copy_of_beacon/CMakeFiles/CMakeTmp

Run Build Command:"/usr/bin/ninja" "cmTC_ee952"
[1/2] Building C object CMakeFiles/cmTC_ee952.dir/src.c.obj
[2/2] Linking C executable cmTC_ee952
/home/swap/gcc-arm-none-eabi-7-2017-q4-major/bin/../lib/gcc/arm-none-eabi/7.2.1/../../../../arm-none-eabi/bin/ld: warning: cannot find entry symbol _start; defaulting to 0000000000008000

Source file was:
int main(void) { return 0; }
Performing C SOURCE FILE Test check_static succeeded with the following output:
Change Dir: /home/swap/zephyr/samples/bluetooth/copy_of_beacon/CMakeFiles/CMakeTmp

Run Build Command:"/usr/bin/ninja" "cmTC_4a1e6"
[1/2] Building C object CMakeFiles/cmTC_4a1e6.dir/src.c.obj
[2/2] Linking C executable cmTC_4a1e6
/home/swap/gcc-arm-none-eabi-7-2017-q4-major/bin/../lib/gcc/arm-none-eabi/7.2.1/../../../../arm-none-eabi/bin/ld: warning: cannot find entry symbol _start; defaulting to 0000000000008000

Source file was:
int main(void) { return 0; }
Performing C SOURCE FILE Test check_no_pie succeeded with the following output:
Change Dir: /home/swap/zephyr/samples/bluetooth/copy_of_beacon/CMakeFiles/CMakeTmp

Run Build Command:"/usr/bin/ninja" "cmTC_b75e4"
[1/2] Building C object CMakeFiles/cmTC_b75e4.dir/src.c.obj
[2/2] Linking C executable cmTC_b75e4
/home/swap/gcc-arm-none-eabi-7-2017-q4-major/bin/../lib/gcc/arm-none-eabi/7.2.1/../../../../arm-none-eabi/bin/ld: warning: cannot find entry symbol _start; defaulting to 0000000000008000

Source file was:
int main(void) { return 0; }
Performing C SOURCE FILE Test check_fno_asynchronous_unwind_tables_C succeeded with the following output:
Change Dir: /home/swap/zephyr/samples/bluetooth/copy_of_beacon/CMakeFiles/CMakeTmp

Run Build Command:"/usr/bin/ninja" "cmTC_9ffcf"
[1/2] Building C object CMakeFiles/cmTC_9ffcf.dir/src.c.obj
[2/2] Linking C executable cmTC_9ffcf
/home/swap/gcc-arm-none-eabi-7-2017-q4-major/bin/../lib/gcc/arm-none-eabi/7.2.1/../../../../arm-none-eabi/bin/ld: warning: cannot find entry symbol _start; defaulting to 0000000000008000

Source file was:
int main(void) { return 0; }
Performing C SOURCE FILE Test check_fno_pie_C succeeded with the following output:
Change Dir: /home/swap/zephyr/samples/bluetooth/copy_of_beacon/CMakeFiles/CMakeTmp

Run Build Command:"/usr/bin/ninja" "cmTC_ea8e2"
[1/2] Building C object CMakeFiles/cmTC_ea8e2.dir/src.c.obj
[2/2] Linking C executable cmTC_ea8e2
/home/swap/gcc-arm-none-eabi-7-2017-q4-major/bin/../lib/gcc/arm-none-eabi/7.2.1/../../../../arm-none-eabi/bin/ld: warning: cannot find entry symbol _start; defaulting to 0000000000008000

Source file was:
int main(void) { return 0; }
Performing C SOURCE FILE Test check_fno_pic_C succeeded with the following output:
Change Dir: /home/swap/zephyr/samples/bluetooth/copy_of_beacon/CMakeFiles/CMakeTmp

Run Build Command:"/usr/bin/ninja" "cmTC_be0b9"
[1/2] Building C object CMakeFiles/cmTC_be0b9.dir/src.c.obj
[2/2] Linking C executable cmTC_be0b9
/home/swap/gcc-arm-none-eabi-7-2017-q4-major/bin/../lib/gcc/arm-none-eabi/7.2.1/../../../../arm-none-eabi/bin/ld: warning: cannot find entry symbol _start; defaulting to 0000000000008000

Source file was:
int main(void) { return 0; }
Performing C SOURCE FILE Test check_fno_strict_overflow_C succeeded with the following output:
Change Dir: /home/swap/zephyr/samples/bluetooth/copy_of_beacon/CMakeFiles/CMakeTmp

Run Build Command:"/usr/bin/ninja" "cmTC_98159"
[1/2] Building C object CMakeFiles/cmTC_98159.dir/src.c.obj
[2/2] Linking C executable cmTC_98159
/home/swap/gcc-arm-none-eabi-7-2017-q4-major/bin/../lib/gcc/arm-none-eabi/7.2.1/../../../../arm-none-eabi/bin/ld: warning: cannot find entry symbol _start; defaulting to 0000000000008000

Source file was:
int main(void) { return 0; }
Performing C SOURCE FILE Test check_Wno_pointer_sign_C succeeded with the following output:
Change Dir: /home/swap/zephyr/samples/bluetooth/copy_of_beacon/CMakeFiles/CMakeTmp

Run Build Command:"/usr/bin/ninja" "cmTC_b758e"
[1/2] Building C object CMakeFiles/cmTC_b758e.dir/src.c.obj
[2/2] Linking C executable cmTC_b758e
/home/swap/gcc-arm-none-eabi-7-2017-q4-major/bin/../lib/gcc/arm-none-eabi/7.2.1/../../../../arm-none-eabi/bin/ld: warning: cannot find entry symbol _start; defaulting to 0000000000008000

Source file was:
int main(void) { return 0; }
Performing C SOURCE FILE Test check_Wno_unused_but_set_variable_C succeeded with the following output:
Change Dir: /home/swap/zephyr/samples/bluetooth/copy_of_beacon/CMakeFiles/CMakeTmp

Run Build Command:"/usr/bin/ninja" "cmTC_1abaf"
[1/2] Building C object CMakeFiles/cmTC_1abaf.dir/src.c.obj
[2/2] Linking C executable cmTC_1abaf
/home/swap/gcc-arm-none-eabi-7-2017-q4-major/bin/../lib/gcc/arm-none-eabi/7.2.1/../../../../arm-none-eabi/bin/ld: warning: cannot find entry symbol _start; defaulting to 0000000000008000

Source file was:
int main(void) { return 0; }
Performing C SOURCE FILE Test check_fno_reorder_functions_C succeeded with the following output:
Change Dir: /home/swap/zephyr/samples/bluetooth/copy_of_beacon/CMakeFiles/CMakeTmp

Run Build Command:"/usr/bin/ninja" "cmTC_57783"
[1/2] Building C object CMakeFiles/cmTC_57783.dir/src.c.obj
[2/2] Linking C executable cmTC_57783
/home/swap/gcc-arm-none-eabi-7-2017-q4-major/bin/../lib/gcc/arm-none-eabi/7.2.1/../../../../arm-none-eabi/bin/ld: warning: cannot find entry symbol _start; defaulting to 0000000000008000

Source file was:
int main(void) { return 0; }
Performing C SOURCE FILE Test check_fno_defer_pop_C succeeded with the following output:
Change Dir: /home/swap/zephyr/samples/bluetooth/copy_of_beacon/CMakeFiles/CMakeTmp

Run Build Command:"/usr/bin/ninja" "cmTC_d49a7"
[1/2] Building C object CMakeFiles/cmTC_d49a7.dir/src.c.obj
[2/2] Linking C executable cmTC_d49a7
/home/swap/gcc-arm-none-eabi-7-2017-q4-major/bin/../lib/gcc/arm-none-eabi/7.2.1/../../../../arm-none-eabi/bin/ld: warning: cannot find entry symbol _start; defaulting to 0000000000008000

Source file was:
int main(void) { return 0; }
Performing C SOURCE FILE Test check_Werror_implicit_int_C succeeded with the following output:
Change Dir: /home/swap/zephyr/samples/bluetooth/copy_of_beacon/CMakeFiles/CMakeTmp

Run Build Command:"/usr/bin/ninja" "cmTC_5acd9"
[1/2] Building C object CMakeFiles/cmTC_5acd9.dir/src.c.obj
[2/2] Linking C executable cmTC_5acd9
/home/swap/gcc-arm-none-eabi-7-2017-q4-major/bin/../lib/gcc/arm-none-eabi/7.2.1/../../../../arm-none-eabi/bin/ld: warning: cannot find entry symbol _start; defaulting to 0000000000008000

Source file was:
int main(void) { return 0; }
Performing C SOURCE FILE Test check_Wl__X succeeded with the following output:
Change Dir: /home/swap/zephyr/samples/bluetooth/copy_of_beacon/CMakeFiles/CMakeTmp

Run Build Command:"/usr/bin/ninja" "cmTC_42b5f"
[1/2] Building C object CMakeFiles/cmTC_42b5f.dir/src.c.obj
[2/2] Linking C executable cmTC_42b5f
/home/swap/gcc-arm-none-eabi-7-2017-q4-major/bin/../lib/gcc/arm-none-eabi/7.2.1/../../../../arm-none-eabi/bin/ld: warning: cannot find entry symbol _start; defaulting to 0000000000008000

Source file was:
int main(void) { return 0; }
Performing C SOURCE FILE Test check_Wl__N succeeded with the following output:
Change Dir: /home/swap/zephyr/samples/bluetooth/copy_of_beacon/CMakeFiles/CMakeTmp

Run Build Command:"/usr/bin/ninja" "cmTC_f3b91"
[1/2] Building C object CMakeFiles/cmTC_f3b91.dir/src.c.obj
[2/2] Linking C executable cmTC_f3b91
/home/swap/gcc-arm-none-eabi-7-2017-q4-major/bin/../lib/gcc/arm-none-eabi/7.2.1/../../../../arm-none-eabi/bin/ld: warning: cannot find entry symbol _start; defaulting to 0000000000008000

Source file was:
int main(void) { return 0; }
Performing C SOURCE FILE Test check_Wl___gc_sections succeeded with the following output:
Change Dir: /home/swap/zephyr/samples/bluetooth/copy_of_beacon/CMakeFiles/CMakeTmp

Run Build Command:"/usr/bin/ninja" "cmTC_ba3b2"
[1/2] Building C object CMakeFiles/cmTC_ba3b2.dir/src.c.obj
[2/2] Linking C executable cmTC_ba3b2
/home/swap/gcc-arm-none-eabi-7-2017-q4-major/bin/../lib/gcc/arm-none-eabi/7.2.1/../../../../arm-none-eabi/bin/ld: warning: cannot find entry symbol _start; defaulting to 0000000000008000

Source file was:
int main(void) { return 0; }
Performing C SOURCE FILE Test check_Wl___build_id_none succeeded with the following output:
Change Dir: /home/swap/zephyr/samples/bluetooth/copy_of_beacon/CMakeFiles/CMakeTmp

Run Build Command:"/usr/bin/ninja" "cmTC_8f6ea"
[1/2] Building C object CMakeFiles/cmTC_8f6ea.dir/src.c.obj
[2/2] Linking C executable cmTC_8f6ea
/home/swap/gcc-arm-none-eabi-7-2017-q4-major/bin/../lib/gcc/arm-none-eabi/7.2.1/../../../../arm-none-eabi/bin/ld: warning: cannot find entry symbol _start; defaulting to 0000000000008000

Source file was:
int main(void) { return 0; }
Performing C SOURCE FILE Test check_ffunction_sections_C succeeded with the following output:
Change Dir: /home/swap/zephyr/samples/bluetooth/copy_of_beacon/CMakeFiles/CMakeTmp

Run Build Command:"/usr/bin/ninja" "cmTC_b6beb"
[1/2] Building C object CMakeFiles/cmTC_b6beb.dir/src.c.obj
[2/2] Linking C executable cmTC_b6beb
/home/swap/gcc-arm-none-eabi-7-2017-q4-major/bin/../lib/gcc/arm-none-eabi/7.2.1/../../../../arm-none-eabi/bin/ld: warning: cannot find entry symbol _start; defaulting to 0000000000008000

Source file was:
int main(void) { return 0; }
Performing C SOURCE FILE Test check_fdata_sections_C succeeded with the following output:
Change Dir: /home/swap/zephyr/samples/bluetooth/copy_of_beacon/CMakeFiles/CMakeTmp

Run Build Command:"/usr/bin/ninja" "cmTC_0f475"
[1/2] Building C object CMakeFiles/cmTC_0f475.dir/src.c.obj
[2/2] Linking C executable cmTC_0f475
/home/swap/gcc-arm-none-eabi-7-2017-q4-major/bin/../lib/gcc/arm-none-eabi/7.2.1/../../../../arm-none-eabi/bin/ld: warning: cannot find entry symbol _start; defaulting to 0000000000008000

Source file was:
int main(void) { return 0; }
Performing C SOURCE FILE Test check_Wl___print_memory_usage succeeded with the following output:
Change Dir: /home/swap/zephyr/samples/bluetooth/copy_of_beacon/CMakeFiles/CMakeTmp

Run Build Command:"/usr/bin/ninja" "cmTC_1b4a8"
[1/2] Building C object CMakeFiles/cmTC_1b4a8.dir/src.c.obj
[2/2] Linking C executable cmTC_1b4a8
Memory region         Used Size  Region Size  %age Used/home/swap/gcc-arm-none-eabi-7-2017-q4-major/bin/../lib/gcc/arm-none-eabi/7.2.1/../../../../arm-none-eabi/bin/ld: warning: cannot find entry symbol _start; defaulting to 0000000000008000


Source file was:
int main(void) { return 0; }
