Compiling the C compiler identification source file "CMakeCCompilerId.c" failed.
Compiler: /home/swap/directory/sysroots/x86_64-pokysdk-linux/usr/bin/arm-zephyr-eabi/arm-zephyr-eabi-gcc 
Build flags: 
Id flags:  

The output was:
1
/home/swap/directory/sysroots/x86_64-pokysdk-linux/usr/libexec/arm-zephyr-eabi/gcc/arm-zephyr-eabi/6.2.0/real-ld: cannot find crti.o: No such file or directory
/home/swap/directory/sysroots/x86_64-pokysdk-linux/usr/libexec/arm-zephyr-eabi/gcc/arm-zephyr-eabi/6.2.0/real-ld: cannot find crtbegin.o: No such file or directory
/home/swap/directory/sysroots/x86_64-pokysdk-linux/usr/libexec/arm-zephyr-eabi/gcc/arm-zephyr-eabi/6.2.0/real-ld: cannot find crt0.o: No such file or directory
/home/swap/directory/sysroots/x86_64-pokysdk-linux/usr/libexec/arm-zephyr-eabi/gcc/arm-zephyr-eabi/6.2.0/real-ld: cannot find -lgcc
/home/swap/directory/sysroots/x86_64-pokysdk-linux/usr/libexec/arm-zephyr-eabi/gcc/arm-zephyr-eabi/6.2.0/real-ld: cannot find -lc
collect2: error: ld returned 1 exit status


Compiling the CXX compiler identification source file "CMakeCXXCompilerId.cpp" failed.
Compiler: /home/swap/directory/sysroots/x86_64-pokysdk-linux/usr/bin/arm-zephyr-eabi/arm-zephyr-eabi-g++ 
Build flags: 
Id flags:  

The output was:
1
/home/swap/directory/sysroots/x86_64-pokysdk-linux/usr/libexec/arm-zephyr-eabi/gcc/arm-zephyr-eabi/6.2.0/real-ld: cannot find crti.o: No such file or directory
/home/swap/directory/sysroots/x86_64-pokysdk-linux/usr/libexec/arm-zephyr-eabi/gcc/arm-zephyr-eabi/6.2.0/real-ld: cannot find crtbegin.o: No such file or directory
/home/swap/directory/sysroots/x86_64-pokysdk-linux/usr/libexec/arm-zephyr-eabi/gcc/arm-zephyr-eabi/6.2.0/real-ld: cannot find crt0.o: No such file or directory
/home/swap/directory/sysroots/x86_64-pokysdk-linux/usr/libexec/arm-zephyr-eabi/gcc/arm-zephyr-eabi/6.2.0/real-ld: cannot find -lstdc++
/home/swap/directory/sysroots/x86_64-pokysdk-linux/usr/libexec/arm-zephyr-eabi/gcc/arm-zephyr-eabi/6.2.0/real-ld: cannot find -lm
/home/swap/directory/sysroots/x86_64-pokysdk-linux/usr/libexec/arm-zephyr-eabi/gcc/arm-zephyr-eabi/6.2.0/real-ld: cannot find -lgcc
/home/swap/directory/sysroots/x86_64-pokysdk-linux/usr/libexec/arm-zephyr-eabi/gcc/arm-zephyr-eabi/6.2.0/real-ld: cannot find -lc
collect2: error: ld returned 1 exit status


Compiling the C compiler identification source file "CMakeCCompilerId.c" failed.
Compiler: /home/swap/directory/sysroots/x86_64-pokysdk-linux/usr/bin/arm-zephyr-eabi/arm-zephyr-eabi-gcc 
Build flags: 
Id flags: 

The output was:
1
/home/swap/directory/sysroots/x86_64-pokysdk-linux/usr/libexec/arm-zephyr-eabi/gcc/arm-zephyr-eabi/6.2.0/real-ld: cannot find crti.o: No such file or directory
/home/swap/directory/sysroots/x86_64-pokysdk-linux/usr/libexec/arm-zephyr-eabi/gcc/arm-zephyr-eabi/6.2.0/real-ld: cannot find crtbegin.o: No such file or directory
/home/swap/directory/sysroots/x86_64-pokysdk-linux/usr/libexec/arm-zephyr-eabi/gcc/arm-zephyr-eabi/6.2.0/real-ld: cannot find crt0.o: No such file or directory
/home/swap/directory/sysroots/x86_64-pokysdk-linux/usr/libexec/arm-zephyr-eabi/gcc/arm-zephyr-eabi/6.2.0/real-ld: cannot find -lgcc
/home/swap/directory/sysroots/x86_64-pokysdk-linux/usr/libexec/arm-zephyr-eabi/gcc/arm-zephyr-eabi/6.2.0/real-ld: cannot find -lc
collect2: error: ld returned 1 exit status


Compiling the CXX compiler identification source file "CMakeCXXCompilerId.cpp" failed.
Compiler: /home/swap/directory/sysroots/x86_64-pokysdk-linux/usr/bin/arm-zephyr-eabi/arm-zephyr-eabi-g++ 
Build flags: 
Id flags: 

The output was:
1
/home/swap/directory/sysroots/x86_64-pokysdk-linux/usr/libexec/arm-zephyr-eabi/gcc/arm-zephyr-eabi/6.2.0/real-ld: cannot find crti.o: No such file or directory
/home/swap/directory/sysroots/x86_64-pokysdk-linux/usr/libexec/arm-zephyr-eabi/gcc/arm-zephyr-eabi/6.2.0/real-ld: cannot find crtbegin.o: No such file or directory
/home/swap/directory/sysroots/x86_64-pokysdk-linux/usr/libexec/arm-zephyr-eabi/gcc/arm-zephyr-eabi/6.2.0/real-ld: cannot find crt0.o: No such file or directory
/home/swap/directory/sysroots/x86_64-pokysdk-linux/usr/libexec/arm-zephyr-eabi/gcc/arm-zephyr-eabi/6.2.0/real-ld: cannot find -lstdc++
/home/swap/directory/sysroots/x86_64-pokysdk-linux/usr/libexec/arm-zephyr-eabi/gcc/arm-zephyr-eabi/6.2.0/real-ld: cannot find -lm
/home/swap/directory/sysroots/x86_64-pokysdk-linux/usr/libexec/arm-zephyr-eabi/gcc/arm-zephyr-eabi/6.2.0/real-ld: cannot find -lgcc
/home/swap/directory/sysroots/x86_64-pokysdk-linux/usr/libexec/arm-zephyr-eabi/gcc/arm-zephyr-eabi/6.2.0/real-ld: cannot find -lc
collect2: error: ld returned 1 exit status


Determining if the C compiler works failed with the following output:
Change Dir: /home/swap/zephyr/samples/bluetooth/beacon/build/CMakeFiles/CMakeTmp

Run Build Command:"/usr/bin/ninja" "cmTC_f2ee5"
[1/2] Building C object CMakeFiles/cmTC_f2ee5.dir/testCCompiler.c.o
[2/2] Linking C executable cmTC_f2ee5
FAILED: : && /home/swap/directory/sysroots/x86_64-pokysdk-linux/usr/bin/arm-zephyr-eabi/arm-zephyr-eabi-gcc     CMakeFiles/cmTC_f2ee5.dir/testCCompiler.c.o  -o cmTC_f2ee5  -rdynamic && :
arm-zephyr-eabi-gcc: error: unrecognized command line option ‘-rdynamic’
ninja: build stopped: subcommand failed.


